{"/home/travis/build/npmtest/node-npmtest-phenomic/test.js":{"path":"/home/travis/build/npmtest/node-npmtest-phenomic/test.js","s":{"1":2,"2":2,"3":2,"4":2,"5":2,"6":2,"7":2,"8":1,"9":2,"10":2,"11":1,"12":1,"13":1,"14":1,"15":2,"16":2,"17":2,"18":2,"19":1,"20":1,"21":2,"22":2,"23":2,"24":1,"25":1,"26":1,"27":1,"28":1,"29":1,"30":1,"31":1,"32":1,"33":1,"34":1,"35":1,"36":1,"37":1,"38":1,"39":2,"40":2,"41":1,"42":2,"43":2,"44":1,"45":2,"46":2,"47":1,"48":2,"49":2,"50":1,"51":1,"52":1,"53":1,"54":1},"b":{"1":[2,1,1,1],"2":[1,1,1,1],"3":[1,1],"4":[1,1],"5":[1,1],"6":[1,1],"7":[1,1],"8":[1,1],"9":[1,1],"10":[1,1,1],"11":[1,1],"12":[1,1],"13":[1,1],"14":[1,1],"15":[1,1],"16":[1,1],"17":[1,1]},"f":{"1":2,"2":2,"3":2,"4":2,"5":2,"6":1,"7":1,"8":1,"9":2,"10":2,"11":2,"12":2,"13":1},"fnMap":{"1":{"name":"(anonymous_1)","line":12,"loc":{"start":{"line":12,"column":1},"end":{"line":12,"column":13}}},"2":{"name":"(anonymous_2)","line":19,"loc":{"start":{"line":19,"column":5},"end":{"line":19,"column":17}}},"3":{"name":"(anonymous_3)","line":23,"loc":{"start":{"line":23,"column":24},"end":{"line":23,"column":36}}},"4":{"name":"(anonymous_4)","line":61,"loc":{"start":{"line":61,"column":5},"end":{"line":61,"column":17}}},"5":{"name":"(anonymous_5)","line":82,"loc":{"start":{"line":82,"column":5},"end":{"line":82,"column":17}}},"6":{"name":"(anonymous_6)","line":91,"loc":{"start":{"line":91,"column":77},"end":{"line":94,"column":10}}},"7":{"name":"(anonymous_7)","line":112,"loc":{"start":{"line":112,"column":83},"end":{"line":115,"column":10}},"skip":true},"8":{"name":"(anonymous_8)","line":123,"loc":{"start":{"line":123,"column":77},"end":{"line":126,"column":10}},"skip":true},"9":{"name":"(anonymous_9)","line":139,"loc":{"start":{"line":139,"column":12},"end":{"line":139,"column":40}},"skip":true},"10":{"name":"(anonymous_10)","line":147,"loc":{"start":{"line":147,"column":77},"end":{"line":150,"column":10}},"skip":true},"11":{"name":"(anonymous_11)","line":158,"loc":{"start":{"line":158,"column":83},"end":{"line":161,"column":10}},"skip":true},"12":{"name":"(anonymous_12)","line":169,"loc":{"start":{"line":169,"column":79},"end":{"line":172,"column":10}},"skip":true},"13":{"name":"(anonymous_13)","line":180,"loc":{"start":{"line":180,"column":75},"end":{"line":183,"column":10}},"skip":true}},"statementMap":{"1":{"start":{"line":12,"column":0},"end":{"line":195,"column":5}},"2":{"start":{"line":14,"column":4},"end":{"line":14,"column":14}},"3":{"start":{"line":19,"column":4},"end":{"line":56,"column":9}},"4":{"start":{"line":21,"column":8},"end":{"line":21,"column":19}},"5":{"start":{"line":23,"column":8},"end":{"line":35,"column":13}},"6":{"start":{"line":24,"column":12},"end":{"line":34,"column":13}},"7":{"start":{"line":25,"column":16},"end":{"line":28,"column":30}},"8":{"start":{"line":30,"column":16},"end":{"line":33,"column":27}},"9":{"start":{"line":37,"column":8},"end":{"line":39,"column":21}},"10":{"start":{"line":40,"column":8},"end":{"line":53,"column":9}},"11":{"start":{"line":43,"column":12},"end":{"line":46,"column":14}},"12":{"start":{"line":47,"column":12},"end":{"line":47,"column":18}},"13":{"start":{"line":50,"column":12},"end":{"line":51,"column":33}},"14":{"start":{"line":52,"column":12},"end":{"line":52,"column":18}},"15":{"start":{"line":55,"column":8},"end":{"line":55,"column":35}},"16":{"start":{"line":61,"column":4},"end":{"line":63,"column":9}},"17":{"start":{"line":62,"column":8},"end":{"line":62,"column":15}},"18":{"start":{"line":64,"column":4},"end":{"line":77,"column":5}},"19":{"start":{"line":70,"column":8},"end":{"line":70,"column":14}},"20":{"start":{"line":76,"column":8},"end":{"line":76,"column":14}},"21":{"start":{"line":82,"column":4},"end":{"line":84,"column":9}},"22":{"start":{"line":83,"column":8},"end":{"line":83,"column":15}},"23":{"start":{"line":85,"column":4},"end":{"line":194,"column":5}},"24":{"start":{"line":91,"column":8},"end":{"line":99,"column":10}},"25":{"start":{"line":98,"column":12},"end":{"line":98,"column":35}},"26":{"start":{"line":102,"column":8},"end":{"line":104,"column":63}},"27":{"start":{"line":105,"column":8},"end":{"line":105,"column":14}},"28":{"start":{"line":112,"column":8},"end":{"line":121,"column":10},"skip":true},"29":{"start":{"line":119,"column":12},"end":{"line":119,"column":55},"skip":true},"30":{"start":{"line":120,"column":12},"end":{"line":120,"column":48},"skip":true},"31":{"start":{"line":123,"column":8},"end":{"line":136,"column":10},"skip":true},"32":{"start":{"line":130,"column":12},"end":{"line":130,"column":76},"skip":true},"33":{"start":{"line":131,"column":12},"end":{"line":131,"column":73},"skip":true},"34":{"start":{"line":132,"column":12},"end":{"line":132,"column":74},"skip":true},"35":{"start":{"line":133,"column":12},"end":{"line":133,"column":79},"skip":true},"36":{"start":{"line":134,"column":12},"end":{"line":134,"column":25},"skip":true},"37":{"start":{"line":135,"column":12},"end":{"line":135,"column":45},"skip":true},"38":{"start":{"line":138,"column":8},"end":{"line":145,"column":14},"skip":true},"39":{"start":{"line":143,"column":16},"end":{"line":143,"column":29},"skip":true},"40":{"start":{"line":144,"column":16},"end":{"line":144,"column":55},"skip":true},"41":{"start":{"line":147,"column":8},"end":{"line":156,"column":10},"skip":true},"42":{"start":{"line":154,"column":12},"end":{"line":154,"column":25},"skip":true},"43":{"start":{"line":155,"column":12},"end":{"line":155,"column":45},"skip":true},"44":{"start":{"line":158,"column":8},"end":{"line":167,"column":10},"skip":true},"45":{"start":{"line":165,"column":12},"end":{"line":165,"column":25},"skip":true},"46":{"start":{"line":166,"column":12},"end":{"line":166,"column":48},"skip":true},"47":{"start":{"line":169,"column":8},"end":{"line":178,"column":10},"skip":true},"48":{"start":{"line":176,"column":12},"end":{"line":176,"column":25},"skip":true},"49":{"start":{"line":177,"column":12},"end":{"line":177,"column":46},"skip":true},"50":{"start":{"line":180,"column":8},"end":{"line":189,"column":10},"skip":true},"51":{"start":{"line":187,"column":12},"end":{"line":187,"column":94},"skip":true},"52":{"start":{"line":188,"column":12},"end":{"line":188,"column":48},"skip":true},"53":{"start":{"line":192,"column":8},"end":{"line":192,"column":35},"skip":true},"54":{"start":{"line":193,"column":8},"end":{"line":193,"column":14},"skip":true}},"branchMap":{"1":{"line":25,"type":"binary-expr","locations":[{"start":{"line":25,"column":23},"end":{"line":25,"column":62}},{"start":{"line":26,"column":20},"end":{"line":26,"column":70}},{"start":{"line":27,"column":20},"end":{"line":27,"column":71}},{"start":{"line":28,"column":20},"end":{"line":28,"column":29}}]},"2":{"line":30,"type":"binary-expr","locations":[{"start":{"line":30,"column":23},"end":{"line":30,"column":37}},{"start":{"line":31,"column":20},"end":{"line":31,"column":61}},{"start":{"line":32,"column":20},"end":{"line":32,"column":70}},{"start":{"line":33,"column":20},"end":{"line":33,"column":26}}]},"3":{"line":37,"type":"cond-expr","locations":[{"start":{"line":38,"column":14},"end":{"line":38,"column":20}},{"start":{"line":39,"column":14},"end":{"line":39,"column":20}}]},"4":{"line":40,"type":"switch","locations":[{"start":{"line":42,"column":8},"end":{"line":47,"column":18}},{"start":{"line":49,"column":8},"end":{"line":52,"column":18}}]},"5":{"line":44,"type":"binary-expr","locations":[{"start":{"line":44,"column":16},"end":{"line":44,"column":44}},{"start":{"line":44,"column":48},"end":{"line":44,"column":66}}]},"6":{"line":50,"type":"binary-expr","locations":[{"start":{"line":50,"column":21},"end":{"line":50,"column":49}},{"start":{"line":50,"column":53},"end":{"line":50,"column":72}}]},"7":{"line":64,"type":"switch","locations":[{"start":{"line":69,"column":4},"end":{"line":70,"column":14}},{"start":{"line":75,"column":4},"end":{"line":76,"column":14}}]},"8":{"line":85,"type":"switch","locations":[{"start":{"line":90,"column":4},"end":{"line":105,"column":14}},{"start":{"line":111,"column":4},"end":{"line":193,"column":14},"skip":true}]},"9":{"line":91,"type":"binary-expr","locations":[{"start":{"line":91,"column":42},"end":{"line":91,"column":73}},{"start":{"line":91,"column":77},"end":{"line":99,"column":9}}]},"10":{"line":102,"type":"binary-expr","locations":[{"start":{"line":102,"column":18},"end":{"line":102,"column":32}},{"start":{"line":103,"column":12},"end":{"line":103,"column":53}},{"start":{"line":104,"column":12},"end":{"line":104,"column":61}}]},"11":{"line":112,"type":"binary-expr","locations":[{"start":{"line":112,"column":45},"end":{"line":112,"column":79},"skip":true},{"start":{"line":112,"column":83},"end":{"line":121,"column":9},"skip":true}]},"12":{"line":123,"type":"binary-expr","locations":[{"start":{"line":123,"column":42},"end":{"line":123,"column":73},"skip":true},{"start":{"line":123,"column":77},"end":{"line":136,"column":9},"skip":true}]},"13":{"line":138,"type":"binary-expr","locations":[{"start":{"line":138,"column":48},"end":{"line":138,"column":85},"skip":true},{"start":{"line":139,"column":12},"end":{"line":145,"column":13},"skip":true}]},"14":{"line":147,"type":"binary-expr","locations":[{"start":{"line":147,"column":42},"end":{"line":147,"column":73},"skip":true},{"start":{"line":147,"column":77},"end":{"line":156,"column":9},"skip":true}]},"15":{"line":158,"type":"binary-expr","locations":[{"start":{"line":158,"column":45},"end":{"line":158,"column":79},"skip":true},{"start":{"line":158,"column":83},"end":{"line":167,"column":9},"skip":true}]},"16":{"line":169,"type":"binary-expr","locations":[{"start":{"line":169,"column":43},"end":{"line":169,"column":75},"skip":true},{"start":{"line":169,"column":79},"end":{"line":178,"column":9},"skip":true}]},"17":{"line":180,"type":"binary-expr","locations":[{"start":{"line":180,"column":41},"end":{"line":180,"column":71},"skip":true},{"start":{"line":180,"column":75},"end":{"line":189,"column":9},"skip":true}]}},"code":["/* istanbul instrument in package npmtest_phenomic */","/*jslint","    bitwise: true,","    browser: true,","    maxerr: 8,","    maxlen: 96,","    node: true,","    nomen: true,","    regexp: true,","    stupid: true","*/","(function () {","    'use strict';","    var local;","","","","    // run shared js-env code - pre-init","    (function () {","        // init local","        local = {};","        // init modeJs","        local.modeJs = (function () {","            try {","                return typeof navigator.userAgent === 'string' &&","                    typeof document.querySelector('body') === 'object' &&","                    typeof XMLHttpRequest.prototype.open === 'function' &&","                    'browser';","            } catch (errorCaughtBrowser) {","                return module.exports &&","                    typeof process.versions.node === 'string' &&","                    typeof require('http').createServer === 'function' &&","                    'node';","            }","        }());","        // init global","        local.global = local.modeJs === 'browser'","            ? window","            : global;","        switch (local.modeJs) {","        // re-init local from window.local","        case 'browser':","            local = local.global.utility2.objectSetDefault(","                local.global.utility2_rollup || local.global.local,","                local.global.utility2","            );","            break;","        // re-init local from example.js","        case 'node':","            local = (local.global.utility2_rollup || require('utility2'))","                .requireReadme();","            break;","        }","        // export local","        local.global.local = local;","    }());","","","","    // run shared js-env code - function","    (function () {","        return;","    }());","    switch (local.modeJs) {","","","","    // run browser js-env code - function","    case 'browser':","        break;","","","","    // run node js-env code - function","    case 'node':","        break;","    }","","","","    // run shared js-env code - post-init","    (function () {","        return;","    }());","    switch (local.modeJs) {","","","","    // run browser js-env code - post-init","    case 'browser':","        local.testCase_browser_nullCase = local.testCase_browser_nullCase || function (","            options,","            onError","        ) {","        /*","         * this function will test browsers's null-case handling-behavior-behavior","         */","            onError(null, options);","        };","","        // run tests","        local.nop(local.modeTest &&","            document.querySelector('#testRunButton1') &&","            document.querySelector('#testRunButton1').click());","        break;","","","","    // run node js-env code - post-init","    /* istanbul ignore next */","    case 'node':","        local.testCase_buildApidoc_default = local.testCase_buildApidoc_default || function (","            options,","            onError","        ) {","        /*","         * this function will test buildApidoc's default handling-behavior-behavior","         */","            options = { modulePathList: module.paths };","            local.buildApidoc(options, onError);","        };","","        local.testCase_buildApp_default = local.testCase_buildApp_default || function (","            options,","            onError","        ) {","        /*","         * this function will test buildApp's default handling-behavior-behavior","         */","            local.testCase_buildReadme_default(options, local.onErrorThrow);","            local.testCase_buildLib_default(options, local.onErrorThrow);","            local.testCase_buildTest_default(options, local.onErrorThrow);","            local.testCase_buildCustomOrg_default(options, local.onErrorThrow);","            options = [];","            local.buildApp(options, onError);","        };","","        local.testCase_buildCustomOrg_default = local.testCase_buildCustomOrg_default ||","            function (options, onError) {","            /*","             * this function will test buildCustomOrg's default handling-behavior","             */","                options = {};","                local.buildCustomOrg(options, onError);","            };","","        local.testCase_buildLib_default = local.testCase_buildLib_default || function (","            options,","            onError","        ) {","        /*","         * this function will test buildLib's default handling-behavior","         */","            options = {};","            local.buildLib(options, onError);","        };","","        local.testCase_buildReadme_default = local.testCase_buildReadme_default || function (","            options,","            onError","        ) {","        /*","         * this function will test buildReadme's default handling-behavior-behavior","         */","            options = {};","            local.buildReadme(options, onError);","        };","","        local.testCase_buildTest_default = local.testCase_buildTest_default || function (","            options,","            onError","        ) {","        /*","         * this function will test buildTest's default handling-behavior","         */","            options = {};","            local.buildTest(options, onError);","        };","","        local.testCase_webpage_default = local.testCase_webpage_default || function (","            options,","            onError","        ) {","        /*","         * this function will test webpage's default handling-behavior","         */","            options = { modeCoverageMerge: true, url: local.serverLocalHost + '?modeTest=1' };","            local.browserTest(options, onError);","        };","","        // run test-server","        local.testRunServer(local);","        break;","    }","}());",""],"l":{"12":2,"14":2,"19":2,"21":2,"23":2,"24":2,"25":2,"30":1,"37":2,"40":2,"43":1,"47":1,"50":1,"52":1,"55":2,"61":2,"62":2,"64":2,"70":1,"76":1,"82":2,"83":2,"85":2,"91":1,"98":1,"102":1,"105":1,"112":1,"119":1,"120":1,"123":1,"130":1,"131":1,"132":1,"133":1,"134":1,"135":1,"138":1,"143":2,"144":2,"147":1,"154":2,"155":2,"158":1,"165":2,"166":2,"169":1,"176":2,"177":2,"180":1,"187":1,"188":1,"192":1,"193":1}},"/home/travis/build/npmtest/node-npmtest-phenomic/lib.npmtest_phenomic.js":{"path":"/home/travis/build/npmtest/node-npmtest-phenomic/lib.npmtest_phenomic.js","s":{"1":2,"2":2,"3":2,"4":2,"5":2,"6":2,"7":2,"8":1,"9":2,"10":2,"11":2,"12":2,"13":1,"14":1,"15":1,"16":1},"b":{"1":[2,1,1,1],"2":[1,1,1,1],"3":[1,1],"4":[2,2],"5":[1,1]},"f":{"1":2,"2":2,"3":2},"fnMap":{"1":{"name":"(anonymous_1)","line":12,"loc":{"start":{"line":12,"column":1},"end":{"line":12,"column":13}}},"2":{"name":"(anonymous_2)","line":19,"loc":{"start":{"line":19,"column":5},"end":{"line":19,"column":17}}},"3":{"name":"(anonymous_3)","line":23,"loc":{"start":{"line":23,"column":24},"end":{"line":23,"column":36}}}},"statementMap":{"1":{"start":{"line":12,"column":0},"end":{"line":53,"column":5}},"2":{"start":{"line":14,"column":4},"end":{"line":14,"column":14}},"3":{"start":{"line":19,"column":4},"end":{"line":52,"column":9}},"4":{"start":{"line":21,"column":8},"end":{"line":21,"column":19}},"5":{"start":{"line":23,"column":8},"end":{"line":35,"column":13}},"6":{"start":{"line":24,"column":12},"end":{"line":34,"column":13}},"7":{"start":{"line":25,"column":16},"end":{"line":28,"column":30}},"8":{"start":{"line":30,"column":16},"end":{"line":33,"column":27}},"9":{"start":{"line":37,"column":8},"end":{"line":39,"column":21}},"10":{"start":{"line":41,"column":8},"end":{"line":41,"column":54}},"11":{"start":{"line":43,"column":8},"end":{"line":43,"column":53}},"12":{"start":{"line":45,"column":8},"end":{"line":51,"column":9}},"13":{"start":{"line":46,"column":12},"end":{"line":46,"column":59}},"14":{"start":{"line":48,"column":12},"end":{"line":48,"column":35}},"15":{"start":{"line":49,"column":12},"end":{"line":49,"column":49}},"16":{"start":{"line":50,"column":12},"end":{"line":50,"column":43}}},"branchMap":{"1":{"line":25,"type":"binary-expr","locations":[{"start":{"line":25,"column":23},"end":{"line":25,"column":62}},{"start":{"line":26,"column":20},"end":{"line":26,"column":70}},{"start":{"line":27,"column":20},"end":{"line":27,"column":71}},{"start":{"line":28,"column":20},"end":{"line":28,"column":29}}]},"2":{"line":30,"type":"binary-expr","locations":[{"start":{"line":30,"column":23},"end":{"line":30,"column":37}},{"start":{"line":31,"column":20},"end":{"line":31,"column":61}},{"start":{"line":32,"column":20},"end":{"line":32,"column":70}},{"start":{"line":33,"column":20},"end":{"line":33,"column":26}}]},"3":{"line":37,"type":"cond-expr","locations":[{"start":{"line":38,"column":14},"end":{"line":38,"column":20}},{"start":{"line":39,"column":14},"end":{"line":39,"column":20}}]},"4":{"line":41,"type":"binary-expr","locations":[{"start":{"line":41,"column":16},"end":{"line":41,"column":44}},{"start":{"line":41,"column":48},"end":{"line":41,"column":53}}]},"5":{"line":45,"type":"if","locations":[{"start":{"line":45,"column":8},"end":{"line":45,"column":8}},{"start":{"line":45,"column":8},"end":{"line":45,"column":8}}]}},"code":["/* istanbul instrument in package npmtest_phenomic */","/*jslint","    bitwise: true,","    browser: true,","    maxerr: 8,","    maxlen: 96,","    node: true,","    nomen: true,","    regexp: true,","    stupid: true","*/","(function () {","    'use strict';","    var local;","","","","    // run shared js-env code - pre-init","    (function () {","        // init local","        local = {};","        // init modeJs","        local.modeJs = (function () {","            try {","                return typeof navigator.userAgent === 'string' &&","                    typeof document.querySelector('body') === 'object' &&","                    typeof XMLHttpRequest.prototype.open === 'function' &&","                    'browser';","            } catch (errorCaughtBrowser) {","                return module.exports &&","                    typeof process.versions.node === 'string' &&","                    typeof require('http').createServer === 'function' &&","                    'node';","            }","        }());","        // init global","        local.global = local.modeJs === 'browser'","            ? window","            : global;","        // init utility2_rollup","        local = local.global.utility2_rollup || local;","        // init lib","        local.local = local.npmtest_phenomic = local;","        // init exports","        if (local.modeJs === 'browser') {","            local.global.utility2_npmtest_phenomic = local;","        } else {","            module.exports = local;","            module.exports.__dirname = __dirname;","            module.exports.module = module;","        }","    }());","}());",""],"l":{"12":2,"14":2,"19":2,"21":2,"23":2,"24":2,"25":2,"30":1,"37":2,"41":2,"43":2,"45":2,"46":1,"48":1,"49":1,"50":1}},"/home/travis/build/npmtest/node-npmtest-phenomic/example.js":{"path":"/home/travis/build/npmtest/node-npmtest-phenomic/example.js","s":{"1":2,"2":2,"3":2,"4":2,"5":2,"6":2,"7":2,"8":1,"9":2,"10":2,"11":2,"12":2,"13":1,"14":2,"15":2,"16":2,"17":2,"18":2,"19":0,"20":2,"21":1,"22":1,"23":1,"24":1,"25":1,"26":0,"27":0,"28":1,"29":1,"30":2,"31":0,"32":0,"33":0,"34":1,"35":2,"36":2,"37":3,"38":3,"39":3,"40":3,"41":0,"42":3,"43":3,"44":3,"45":1,"46":3,"47":1,"48":1,"49":1,"50":1,"51":1,"52":1,"53":1,"54":1,"55":1,"56":1,"57":0,"58":1,"59":6,"60":6,"61":1,"62":2,"63":0,"64":2,"65":1,"66":1,"67":0,"68":0,"69":0,"70":0,"71":0,"72":0,"73":0,"74":0,"75":0,"76":0,"77":0,"78":0,"79":0,"80":0,"81":0,"82":0,"83":0},"b":{"1":[2,1,1,1],"2":[1,1,1,1],"3":[1,1],"4":[2,2],"5":[1,1],"6":[1,1],"7":[2,0],"8":[2,1,1,1,1,1],"9":[0,2,0],"10":[1,1],"11":[2,1,1],"12":[1,0],"13":[0,2],"14":[2,0,0,0,0,0,0],"15":[0,3],"16":[3,0],"17":[1,1],"18":[0,1],"19":[1,2,0,2],"20":[1,0],"21":[1,1],"22":[0,0],"23":[0,0],"24":[0,0],"25":[0,0],"26":[0,0],"27":[0,0],"28":[0,0]},"f":{"1":2,"2":2,"3":2,"4":2,"5":2,"6":2,"7":3,"8":3,"9":3,"10":1,"11":6,"12":0},"fnMap":{"1":{"name":"(anonymous_1)","line":26,"loc":{"start":{"line":26,"column":1},"end":{"line":26,"column":13}}},"2":{"name":"(anonymous_2)","line":33,"loc":{"start":{"line":33,"column":5},"end":{"line":33,"column":17}}},"3":{"name":"(anonymous_3)","line":37,"loc":{"start":{"line":37,"column":24},"end":{"line":37,"column":36}}},"4":{"name":"(anonymous_4)","line":69,"loc":{"start":{"line":69,"column":31},"end":{"line":69,"column":48}},"skip":true},"5":{"name":"(anonymous_5)","line":78,"loc":{"start":{"line":78,"column":26},"end":{"line":78,"column":45}},"skip":true},"6":{"name":"(anonymous_6)","line":123,"loc":{"start":{"line":123,"column":33},"end":{"line":123,"column":48}},"skip":true},"7":{"name":"(anonymous_7)","line":125,"loc":{"start":{"line":125,"column":27},"end":{"line":125,"column":39}},"skip":true},"8":{"name":"(anonymous_8)","line":133,"loc":{"start":{"line":133,"column":59},"end":{"line":133,"column":74}},"skip":true},"9":{"name":"(anonymous_9)","line":143,"loc":{"start":{"line":143,"column":45},"end":{"line":143,"column":62}},"skip":true},"10":{"name":"(anonymous_10)","line":144,"loc":{"start":{"line":144,"column":73},"end":{"line":144,"column":92}},"skip":true},"11":{"name":"(anonymous_11)","line":272,"loc":{"start":{"line":272,"column":51},"end":{"line":272,"column":77}},"skip":true},"12":{"name":"(anonymous_12)","line":315,"loc":{"start":{"line":315,"column":32},"end":{"line":315,"column":61}},"skip":true}},"statementMap":{"1":{"start":{"line":26,"column":0},"end":{"line":326,"column":5}},"2":{"start":{"line":28,"column":4},"end":{"line":28,"column":14}},"3":{"start":{"line":33,"column":4},"end":{"line":60,"column":9}},"4":{"start":{"line":35,"column":8},"end":{"line":35,"column":19}},"5":{"start":{"line":37,"column":8},"end":{"line":49,"column":13}},"6":{"start":{"line":38,"column":12},"end":{"line":48,"column":13}},"7":{"start":{"line":39,"column":16},"end":{"line":42,"column":30}},"8":{"start":{"line":44,"column":16},"end":{"line":47,"column":27}},"9":{"start":{"line":51,"column":8},"end":{"line":53,"column":21}},"10":{"start":{"line":55,"column":8},"end":{"line":57,"column":45}},"11":{"start":{"line":59,"column":8},"end":{"line":59,"column":35}},"12":{"start":{"line":61,"column":4},"end":{"line":325,"column":5}},"13":{"start":{"line":69,"column":8},"end":{"line":121,"column":10},"skip":true},"14":{"start":{"line":70,"column":12},"end":{"line":88,"column":13},"skip":true},"15":{"start":{"line":76,"column":16},"end":{"line":87,"column":19},"skip":true},"16":{"start":{"line":79,"column":20},"end":{"line":86,"column":21},"skip":true},"17":{"start":{"line":82,"column":24},"end":{"line":82,"column":43},"skip":true},"18":{"start":{"line":83,"column":24},"end":{"line":83,"column":30},"skip":true},"19":{"start":{"line":85,"column":24},"end":{"line":85,"column":49},"skip":true},"20":{"start":{"line":89,"column":12},"end":{"line":107,"column":13},"skip":true},"21":{"start":{"line":92,"column":16},"end":{"line":102,"column":17},"skip":true},"22":{"start":{"line":93,"column":20},"end":{"line":93,"column":86},"skip":true},"23":{"start":{"line":94,"column":20},"end":{"line":95,"column":45},"skip":true},"24":{"start":{"line":96,"column":20},"end":{"line":96,"column":42},"skip":true},"25":{"start":{"line":97,"column":20},"end":{"line":97,"column":48},"skip":true},"26":{"start":{"line":100,"column":20},"end":{"line":100,"column":85},"skip":true},"27":{"start":{"line":101,"column":20},"end":{"line":101,"column":96},"skip":true},"28":{"start":{"line":103,"column":16},"end":{"line":103,"column":22},"skip":true},"29":{"start":{"line":106,"column":16},"end":{"line":106,"column":22},"skip":true},"30":{"start":{"line":108,"column":12},"end":{"line":120,"column":13},"skip":true},"31":{"start":{"line":114,"column":16},"end":{"line":119,"column":17},"skip":true},"32":{"start":{"line":116,"column":20},"end":{"line":116,"column":78},"skip":true},"33":{"start":{"line":118,"column":20},"end":{"line":118,"column":47},"skip":true},"34":{"start":{"line":123,"column":8},"end":{"line":141,"column":11},"skip":true},"35":{"start":{"line":124,"column":12},"end":{"line":124,"column":54},"skip":true},"36":{"start":{"line":125,"column":12},"end":{"line":140,"column":14},"skip":true},"37":{"start":{"line":126,"column":16},"end":{"line":126,"column":28},"skip":true},"38":{"start":{"line":127,"column":16},"end":{"line":127,"column":69},"skip":true},"39":{"start":{"line":128,"column":16},"end":{"line":128,"column":75},"skip":true},"40":{"start":{"line":129,"column":16},"end":{"line":131,"column":17},"skip":true},"41":{"start":{"line":130,"column":20},"end":{"line":130,"column":27},"skip":true},"42":{"start":{"line":133,"column":16},"end":{"line":137,"column":36},"skip":true},"43":{"start":{"line":134,"column":20},"end":{"line":136,"column":55},"skip":true},"44":{"start":{"line":139,"column":16},"end":{"line":139,"column":57},"skip":true},"45":{"start":{"line":143,"column":8},"end":{"line":147,"column":11},"skip":true},"46":{"start":{"line":144,"column":12},"end":{"line":146,"column":15},"skip":true},"47":{"start":{"line":145,"column":16},"end":{"line":145,"column":70},"skip":true},"48":{"start":{"line":149,"column":8},"end":{"line":149,"column":31},"skip":true},"49":{"start":{"line":150,"column":8},"end":{"line":150,"column":14},"skip":true},"50":{"start":{"line":158,"column":8},"end":{"line":158,"column":31},"skip":true},"51":{"start":{"line":160,"column":8},"end":{"line":160,"column":33},"skip":true},"52":{"start":{"line":161,"column":8},"end":{"line":161,"column":37},"skip":true},"53":{"start":{"line":162,"column":8},"end":{"line":162,"column":35},"skip":true},"54":{"start":{"line":164,"column":8},"end":{"line":164,"column":50},"skip":true},"55":{"start":{"line":166,"column":8},"end":{"line":256,"column":2},"skip":true},"56":{"start":{"line":258,"column":8},"end":{"line":286,"column":9},"skip":true},"57":{"start":{"line":259,"column":12},"end":{"line":269,"column":14},"skip":true},"58":{"start":{"line":271,"column":12},"end":{"line":285,"column":19},"skip":true},"59":{"start":{"line":274,"column":20},"end":{"line":274,"column":35},"skip":true},"60":{"start":{"line":275,"column":20},"end":{"line":284,"column":21},"skip":true},"61":{"start":{"line":277,"column":24},"end":{"line":277,"column":64},"skip":true},"62":{"start":{"line":279,"column":24},"end":{"line":279,"column":40},"skip":true},"63":{"start":{"line":281,"column":24},"end":{"line":281,"column":40},"skip":true},"64":{"start":{"line":283,"column":24},"end":{"line":283,"column":39},"skip":true},"65":{"start":{"line":288,"column":8},"end":{"line":290,"column":9},"skip":true},"66":{"start":{"line":289,"column":12},"end":{"line":289,"column":18},"skip":true},"67":{"start":{"line":291,"column":8},"end":{"line":293,"column":54},"skip":true},"68":{"start":{"line":296,"column":8},"end":{"line":301,"column":37},"skip":true},"69":{"start":{"line":303,"column":8},"end":{"line":303,"column":82},"skip":true},"70":{"start":{"line":306,"column":8},"end":{"line":308,"column":9},"skip":true},"71":{"start":{"line":307,"column":12},"end":{"line":307,"column":82},"skip":true},"72":{"start":{"line":310,"column":8},"end":{"line":312,"column":9},"skip":true},"73":{"start":{"line":311,"column":12},"end":{"line":311,"column":18},"skip":true},"74":{"start":{"line":313,"column":8},"end":{"line":313,"column":54},"skip":true},"75":{"start":{"line":314,"column":8},"end":{"line":314,"column":69},"skip":true},"76":{"start":{"line":315,"column":8},"end":{"line":323,"column":36},"skip":true},"77":{"start":{"line":316,"column":12},"end":{"line":316,"column":61},"skip":true},"78":{"start":{"line":317,"column":12},"end":{"line":320,"column":13},"skip":true},"79":{"start":{"line":318,"column":16},"end":{"line":318,"column":75},"skip":true},"80":{"start":{"line":319,"column":16},"end":{"line":319,"column":23},"skip":true},"81":{"start":{"line":321,"column":12},"end":{"line":321,"column":38},"skip":true},"82":{"start":{"line":322,"column":12},"end":{"line":322,"column":27},"skip":true},"83":{"start":{"line":324,"column":8},"end":{"line":324,"column":14},"skip":true}},"branchMap":{"1":{"line":39,"type":"binary-expr","locations":[{"start":{"line":39,"column":23},"end":{"line":39,"column":62}},{"start":{"line":40,"column":20},"end":{"line":40,"column":70}},{"start":{"line":41,"column":20},"end":{"line":41,"column":71}},{"start":{"line":42,"column":20},"end":{"line":42,"column":29}}]},"2":{"line":44,"type":"binary-expr","locations":[{"start":{"line":44,"column":23},"end":{"line":44,"column":37}},{"start":{"line":45,"column":20},"end":{"line":45,"column":61}},{"start":{"line":46,"column":20},"end":{"line":46,"column":70}},{"start":{"line":47,"column":20},"end":{"line":47,"column":26}}]},"3":{"line":51,"type":"cond-expr","locations":[{"start":{"line":52,"column":14},"end":{"line":52,"column":20}},{"start":{"line":53,"column":14},"end":{"line":53,"column":20}}]},"4":{"line":55,"type":"binary-expr","locations":[{"start":{"line":55,"column":16},"end":{"line":55,"column":44}},{"start":{"line":55,"column":49},"end":{"line":57,"column":43}}]},"5":{"line":55,"type":"cond-expr","locations":[{"start":{"line":56,"column":14},"end":{"line":56,"column":52}},{"start":{"line":57,"column":14},"end":{"line":57,"column":43}}]},"6":{"line":61,"type":"switch","locations":[{"start":{"line":68,"column":4},"end":{"line":150,"column":14},"skip":true},{"start":{"line":156,"column":4},"end":{"line":324,"column":14},"skip":true}]},"7":{"line":70,"type":"if","locations":[{"start":{"line":70,"column":12},"end":{"line":70,"column":12},"skip":true},{"start":{"line":70,"column":12},"end":{"line":70,"column":12},"skip":true}]},"8":{"line":70,"type":"binary-expr","locations":[{"start":{"line":70,"column":16},"end":{"line":70,"column":22},"skip":true},{"start":{"line":70,"column":27},"end":{"line":70,"column":32},"skip":true},{"start":{"line":71,"column":20},"end":{"line":71,"column":39},"skip":true},{"start":{"line":72,"column":20},"end":{"line":72,"column":49},"skip":true},{"start":{"line":73,"column":20},"end":{"line":73,"column":58},"skip":true},{"start":{"line":74,"column":20},"end":{"line":74,"column":69},"skip":true}]},"9":{"line":79,"type":"switch","locations":[{"start":{"line":80,"column":20},"end":{"line":80,"column":33},"skip":true},{"start":{"line":81,"column":20},"end":{"line":83,"column":30},"skip":true},{"start":{"line":84,"column":20},"end":{"line":85,"column":49},"skip":true}]},"10":{"line":89,"type":"switch","locations":[{"start":{"line":90,"column":12},"end":{"line":103,"column":22},"skip":true},{"start":{"line":105,"column":12},"end":{"line":106,"column":22},"skip":true}]},"11":{"line":89,"type":"binary-expr","locations":[{"start":{"line":89,"column":20},"end":{"line":89,"column":25},"skip":true},{"start":{"line":89,"column":29},"end":{"line":89,"column":48},"skip":true},{"start":{"line":89,"column":52},"end":{"line":89,"column":74},"skip":true}]},"12":{"line":92,"type":"if","locations":[{"start":{"line":92,"column":16},"end":{"line":92,"column":16},"skip":true},{"start":{"line":92,"column":16},"end":{"line":92,"column":16},"skip":true}]},"13":{"line":108,"type":"if","locations":[{"start":{"line":108,"column":12},"end":{"line":108,"column":12},"skip":true},{"start":{"line":108,"column":12},"end":{"line":108,"column":12},"skip":true}]},"14":{"line":108,"type":"binary-expr","locations":[{"start":{"line":108,"column":16},"end":{"line":108,"column":61},"skip":true},{"start":{"line":108,"column":66},"end":{"line":108,"column":72},"skip":true},{"start":{"line":108,"column":77},"end":{"line":108,"column":82},"skip":true},{"start":{"line":109,"column":20},"end":{"line":109,"column":39},"skip":true},{"start":{"line":110,"column":20},"end":{"line":110,"column":49},"skip":true},{"start":{"line":111,"column":20},"end":{"line":111,"column":58},"skip":true},{"start":{"line":112,"column":20},"end":{"line":112,"column":68},"skip":true}]},"15":{"line":129,"type":"if","locations":[{"start":{"line":129,"column":16},"end":{"line":129,"column":16},"skip":true},{"start":{"line":129,"column":16},"end":{"line":129,"column":16},"skip":true}]},"16":{"line":134,"type":"cond-expr","locations":[{"start":{"line":135,"column":26},"end":{"line":135,"column":29},"skip":true},{"start":{"line":136,"column":26},"end":{"line":136,"column":54},"skip":true}]},"17":{"line":164,"type":"binary-expr","locations":[{"start":{"line":164,"column":27},"end":{"line":164,"column":43},"skip":true},{"start":{"line":164,"column":47},"end":{"line":164,"column":49},"skip":true}]},"18":{"line":258,"type":"if","locations":[{"start":{"line":258,"column":8},"end":{"line":258,"column":8},"skip":true},{"start":{"line":258,"column":8},"end":{"line":258,"column":8},"skip":true}]},"19":{"line":275,"type":"switch","locations":[{"start":{"line":276,"column":20},"end":{"line":277,"column":64},"skip":true},{"start":{"line":278,"column":20},"end":{"line":279,"column":40},"skip":true},{"start":{"line":280,"column":20},"end":{"line":281,"column":40},"skip":true},{"start":{"line":282,"column":20},"end":{"line":283,"column":39},"skip":true}]},"20":{"line":288,"type":"if","locations":[{"start":{"line":288,"column":8},"end":{"line":288,"column":8},"skip":true},{"start":{"line":288,"column":8},"end":{"line":288,"column":8},"skip":true}]},"21":{"line":288,"type":"binary-expr","locations":[{"start":{"line":288,"column":12},"end":{"line":288,"column":40},"skip":true},{"start":{"line":288,"column":44},"end":{"line":288,"column":67},"skip":true}]},"22":{"line":292,"type":"binary-expr","locations":[{"start":{"line":292,"column":12},"end":{"line":292,"column":50},"skip":true},{"start":{"line":293,"column":12},"end":{"line":293,"column":53},"skip":true}]},"23":{"line":297,"type":"binary-expr","locations":[{"start":{"line":297,"column":12},"end":{"line":297,"column":66},"skip":true},{"start":{"line":298,"column":12},"end":{"line":301,"column":36},"skip":true}]},"24":{"line":303,"type":"binary-expr","locations":[{"start":{"line":303,"column":43},"end":{"line":303,"column":75},"skip":true},{"start":{"line":303,"column":79},"end":{"line":303,"column":81},"skip":true}]},"25":{"line":306,"type":"if","locations":[{"start":{"line":306,"column":8},"end":{"line":306,"column":8},"skip":true},{"start":{"line":306,"column":8},"end":{"line":306,"column":8},"skip":true}]},"26":{"line":310,"type":"if","locations":[{"start":{"line":310,"column":8},"end":{"line":310,"column":8},"skip":true},{"start":{"line":310,"column":8},"end":{"line":310,"column":8},"skip":true}]},"27":{"line":313,"type":"binary-expr","locations":[{"start":{"line":313,"column":27},"end":{"line":313,"column":43},"skip":true},{"start":{"line":313,"column":47},"end":{"line":313,"column":53},"skip":true}]},"28":{"line":317,"type":"if","locations":[{"start":{"line":317,"column":12},"end":{"line":317,"column":12},"skip":true},{"start":{"line":317,"column":12},"end":{"line":317,"column":12},"skip":true}]}},"code":["/*","example.js","","quickstart example","","instruction","    1. save this script as example.js","    2. run the shell command:","        $ npm install npmtest-phenomic && PORT=8081 node example.js","    3. play with the browser-demo on http://127.0.0.1:8081","*/","","","","/* istanbul instrument in package npmtest_phenomic */","/*jslint","    bitwise: true,","    browser: true,","    maxerr: 8,","    maxlen: 96,","    node: true,","    nomen: true,","    regexp: true,","    stupid: true","*/","(function () {","    'use strict';","    var local;","","","","    // run shared js-env code - pre-init","    (function () {","        // init local","        local = {};","        // init modeJs","        local.modeJs = (function () {","            try {","                return typeof navigator.userAgent === 'string' &&","                    typeof document.querySelector('body') === 'object' &&","                    typeof XMLHttpRequest.prototype.open === 'function' &&","                    'browser';","            } catch (errorCaughtBrowser) {","                return module.exports &&","                    typeof process.versions.node === 'string' &&","                    typeof require('http').createServer === 'function' &&","                    'node';","            }","        }());","        // init global","        local.global = local.modeJs === 'browser'","            ? window","            : global;","        // init utility2_rollup","        local = local.global.utility2_rollup || (local.modeJs === 'browser'","            ? local.global.utility2_npmtest_phenomic","            : global.utility2_moduleExports);","        // export local","        local.global.local = local;","    }());","    switch (local.modeJs) {","","","","    // post-init","    // run browser js-env code - post-init","    /* istanbul ignore next */","    case 'browser':","        local.testRunBrowser = function (event) {","            if (!event || (event &&","                    event.currentTarget &&","                    event.currentTarget.className &&","                    event.currentTarget.className.includes &&","                    event.currentTarget.className.includes('onreset'))) {","                // reset output","                Array.from(","                    document.querySelectorAll('body > .resettable')","                ).forEach(function (element) {","                    switch (element.tagName) {","                    case 'INPUT':","                    case 'TEXTAREA':","                        element.value = '';","                        break;","                    default:","                        element.textContent = '';","                    }","                });","            }","            switch (event && event.currentTarget && event.currentTarget.id) {","            case 'testRunButton1':","                // show tests","                if (document.querySelector('#testReportDiv1').style.display === 'none') {","                    document.querySelector('#testReportDiv1').style.display = 'block';","                    document.querySelector('#testRunButton1').textContent =","                        'hide internal test';","                    local.modeTest = true;","                    local.testRunDefault(local);","                // hide tests","                } else {","                    document.querySelector('#testReportDiv1').style.display = 'none';","                    document.querySelector('#testRunButton1').textContent = 'run internal test';","                }","                break;","            // custom-case","            default:","                break;","            }","            if (document.querySelector('#inputTextareaEval1') && (!event || (event &&","                    event.currentTarget &&","                    event.currentTarget.className &&","                    event.currentTarget.className.includes &&","                    event.currentTarget.className.includes('oneval')))) {","                // try to eval input-code","                try {","                    /*jslint evil: true*/","                    eval(document.querySelector('#inputTextareaEval1').value);","                } catch (errorCaught) {","                    console.error(errorCaught);","                }","            }","        };","        // log stderr and stdout to #outputTextareaStdout1","        ['error', 'log'].forEach(function (key) {","            console[key + '_original'] = console[key];","            console[key] = function () {","                var element;","                console[key + '_original'].apply(console, arguments);","                element = document.querySelector('#outputTextareaStdout1');","                if (!element) {","                    return;","                }","                // append text to #outputTextareaStdout1","                element.value += Array.from(arguments).map(function (arg) {","                    return typeof arg === 'string'","                        ? arg","                        : JSON.stringify(arg, null, 4);","                }).join(' ') + '\\n';","                // scroll textarea to bottom","                element.scrollTop = element.scrollHeight;","            };","        });","        // init event-handling","        ['change', 'click', 'keyup'].forEach(function (event) {","            Array.from(document.querySelectorAll('.on' + event)).forEach(function (element) {","                element.addEventListener(event, local.testRunBrowser);","            });","        });","        // run tests","        local.testRunBrowser();","        break;","","","","    // run node js-env code - post-init","    /* istanbul ignore next */","    case 'node':","        // export local","        module.exports = local;","        // require modules","        local.fs = require('fs');","        local.http = require('http');","        local.url = require('url');","        // init assets","        local.assetsDict = local.assetsDict || {};","        /* jslint-ignore-begin */","        local.assetsDict['/assets.index.template.html'] = '\\","<!doctype html>\\n\\","<html lang=\"en\">\\n\\","<head>\\n\\","<meta charset=\"UTF-8\">\\n\\","<meta name=\"viewport\" content=\"width=device-width, initial-scale=1\">\\n\\","<title>{{env.npm_package_name}} (v{{env.npm_package_version}})</title>\\n\\","<style>\\n\\","/*csslint\\n\\","    box-sizing: false,\\n\\","    universal-selector: false\\n\\","*/\\n\\","* {\\n\\","    box-sizing: border-box;\\n\\","}\\n\\","body {\\n\\","    background: #dde;\\n\\","    font-family: Arial, Helvetica, sans-serif;\\n\\","    margin: 2rem;\\n\\","}\\n\\","body > * {\\n\\","    margin-bottom: 1rem;\\n\\","}\\n\\",".utility2FooterDiv {\\n\\","    margin-top: 20px;\\n\\","    text-align: center;\\n\\","}\\n\\","</style>\\n\\","<style>\\n\\","/*csslint\\n\\","*/\\n\\","textarea {\\n\\","    font-family: monospace;\\n\\","    height: 10rem;\\n\\","    width: 100%;\\n\\","}\\n\\","textarea[readonly] {\\n\\","    background: #ddd;\\n\\","}\\n\\","</style>\\n\\","</head>\\n\\","<body>\\n\\","<!-- utility2-comment\\n\\","<div id=\"ajaxProgressDiv1\" style=\"background: #d00; height: 2px; left: 0; margin: 0; padding: 0; position: fixed; top: 0; transition: background 0.5s, width 1.5s; width: 25%;\"></div>\\n\\","utility2-comment -->\\n\\","<h1>\\n\\","<!-- utility2-comment\\n\\","    <a\\n\\","        {{#if env.npm_package_homepage}}\\n\\","        href=\"{{env.npm_package_homepage}}\"\\n\\","        {{/if env.npm_package_homepage}}\\n\\","        target=\"_blank\"\\n\\","    >\\n\\","utility2-comment -->\\n\\","        {{env.npm_package_name}} (v{{env.npm_package_version}})\\n\\","<!-- utility2-comment\\n\\","    </a>\\n\\","utility2-comment -->\\n\\","</h1>\\n\\","<h3>{{env.npm_package_description}}</h3>\\n\\","<!-- utility2-comment\\n\\","<h4><a download href=\"assets.app.js\">download standalone app</a></h4>\\n\\","<button class=\"onclick onreset\" id=\"testRunButton1\">run internal test</button><br>\\n\\","<div id=\"testReportDiv1\" style=\"display: none;\"></div>\\n\\","utility2-comment -->\\n\\","\\n\\","\\n\\","\\n\\","<label>stderr and stdout</label>\\n\\","<textarea class=\"resettable\" id=\"outputTextareaStdout1\" readonly></textarea>\\n\\","<!-- utility2-comment\\n\\","{{#if isRollup}}\\n\\","<script src=\"assets.app.js\"></script>\\n\\","{{#unless isRollup}}\\n\\","utility2-comment -->\\n\\","<script src=\"assets.utility2.rollup.js\"></script>\\n\\","<script src=\"jsonp.utility2._stateInit?callback=window.utility2._stateInit\"></script>\\n\\","<script src=\"assets.npmtest_phenomic.rollup.js\"></script>\\n\\","<script src=\"assets.example.js\"></script>\\n\\","<script src=\"assets.test.js\"></script>\\n\\","<!-- utility2-comment\\n\\","{{/if isRollup}}\\n\\","utility2-comment -->\\n\\","<div class=\"utility2FooterDiv\">\\n\\","    [ this app was created with\\n\\","    <a href=\"https://github.com/kaizhu256/node-utility2\" target=\"_blank\">utility2</a>\\n\\","    ]\\n\\","</div>\\n\\","</body>\\n\\","</html>\\n\\","';","        /* jslint-ignore-end */","        if (local.templateRender) {","            local.assetsDict['/'] = local.templateRender(","                local.assetsDict['/assets.index.template.html'],","                {","                    env: local.objectSetDefault(local.env, {","                        npm_package_description: 'the greatest app in the world!',","                        npm_package_name: 'my-app',","                        npm_package_nameAlias: 'my_app',","                        npm_package_version: '0.0.1'","                    })","                }","            );","        } else {","            local.assetsDict['/'] = local.assetsDict['/assets.index.template.html']","                .replace((/\\{\\{env\\.(\\w+?)\\}\\}/g), function (match0, match1) {","                    // jslint-hack","                    String(match0);","                    switch (match1) {","                    case 'npm_package_description':","                        return 'the greatest app in the world!';","                    case 'npm_package_name':","                        return 'my-app';","                    case 'npm_package_nameAlias':","                        return 'my_app';","                    case 'npm_package_version':","                        return '0.0.1';","                    }","                });","        }","        // run the cli","        if (local.global.utility2_rollup || module !== require.main) {","            break;","        }","        local.assetsDict['/assets.example.js'] =","            local.assetsDict['/assets.example.js'] ||","            local.fs.readFileSync(__filename, 'utf8');","        // bug-workaround - long $npm_package_buildCustomOrg","        /* jslint-ignore-begin */","        local.assetsDict['/assets.npmtest_phenomic.rollup.js'] =","            local.assetsDict['/assets.npmtest_phenomic.rollup.js'] ||","            local.fs.readFileSync(","                local.npmtest_phenomic.__dirname + '/lib.npmtest_phenomic.js',","                'utf8'","            ).replace((/^#!/), '//');","        /* jslint-ignore-end */","        local.assetsDict['/favicon.ico'] = local.assetsDict['/favicon.ico'] || '';","        // if $npm_config_timeout_exit exists,","        // then exit this process after $npm_config_timeout_exit ms","        if (Number(process.env.npm_config_timeout_exit)) {","            setTimeout(process.exit, Number(process.env.npm_config_timeout_exit));","        }","        // start server","        if (local.global.utility2_serverHttp1) {","            break;","        }","        process.env.PORT = process.env.PORT || '8081';","        console.error('server starting on port ' + process.env.PORT);","        local.http.createServer(function (request, response) {","            request.urlParsed = local.url.parse(request.url);","            if (local.assetsDict[request.urlParsed.pathname] !== undefined) {","                response.end(local.assetsDict[request.urlParsed.pathname]);","                return;","            }","            response.statusCode = 404;","            response.end();","        }).listen(process.env.PORT);","        break;","    }","}());",""],"l":{"26":2,"28":2,"33":2,"35":2,"37":2,"38":2,"39":2,"44":1,"51":2,"55":2,"59":2,"61":2,"69":1,"70":2,"76":2,"79":2,"82":2,"83":2,"85":1,"89":2,"92":1,"93":1,"94":1,"96":1,"97":1,"100":1,"101":1,"103":1,"106":1,"108":2,"114":1,"116":1,"118":1,"123":1,"124":2,"125":2,"126":3,"127":3,"128":3,"129":3,"130":1,"133":3,"134":3,"139":3,"143":1,"144":3,"145":1,"149":1,"150":1,"158":1,"160":1,"161":1,"162":1,"164":1,"166":1,"258":1,"259":1,"271":1,"274":6,"275":6,"277":1,"279":2,"281":1,"283":2,"288":1,"289":1,"291":1,"296":1,"303":1,"306":1,"307":1,"310":1,"311":1,"313":1,"314":1,"315":1,"316":1,"317":1,"318":1,"319":1,"321":1,"322":1,"324":1}},"/home/travis/build/npmtest/node-npmtest-phenomic/node_modules/phenomic/lib/index.js":{"path":"/home/travis/build/npmtest/node-npmtest-phenomic/node_modules/phenomic/lib/index.js","s":{"1":1,"2":1,"3":1,"4":2,"5":1,"6":1,"7":2,"8":1,"9":1,"10":2,"11":1,"12":1,"13":2,"14":1,"15":8,"16":1},"b":{"1":[6,2],"2":[8,8]},"f":{"1":2,"2":2,"3":2,"4":2,"5":8},"fnMap":{"1":{"name":"get","line":11,"loc":{"start":{"line":11,"column":7},"end":{"line":11,"column":22}}},"2":{"name":"get","line":20,"loc":{"start":{"line":20,"column":7},"end":{"line":20,"column":22}}},"3":{"name":"get","line":29,"loc":{"start":{"line":29,"column":7},"end":{"line":29,"column":22}}},"4":{"name":"get","line":38,"loc":{"start":{"line":38,"column":7},"end":{"line":38,"column":22}}},"5":{"name":"_interopRequireDefault","line":43,"loc":{"start":{"line":43,"column":0},"end":{"line":43,"column":37}}}},"statementMap":{"1":{"start":{"line":3,"column":0},"end":{"line":5,"column":3}},"2":{"start":{"line":7,"column":0},"end":{"line":7,"column":59}},"3":{"start":{"line":9,"column":0},"end":{"line":14,"column":3}},"4":{"start":{"line":12,"column":4},"end":{"line":12,"column":58}},"5":{"start":{"line":16,"column":0},"end":{"line":16,"column":59}},"6":{"start":{"line":18,"column":0},"end":{"line":23,"column":3}},"7":{"start":{"line":21,"column":4},"end":{"line":21,"column":58}},"8":{"start":{"line":25,"column":0},"end":{"line":25,"column":41}},"9":{"start":{"line":27,"column":0},"end":{"line":32,"column":3}},"10":{"start":{"line":30,"column":4},"end":{"line":30,"column":49}},"11":{"start":{"line":34,"column":0},"end":{"line":34,"column":35}},"12":{"start":{"line":36,"column":0},"end":{"line":41,"column":3}},"13":{"start":{"line":39,"column":4},"end":{"line":39,"column":52}},"14":{"start":{"line":43,"column":0},"end":{"line":43,"column":95}},"15":{"start":{"line":43,"column":39},"end":{"line":43,"column":93}},"16":{"start":{"line":45,"column":0},"end":{"line":45,"column":68}}},"branchMap":{"1":{"line":43,"type":"cond-expr","locations":[{"start":{"line":43,"column":70},"end":{"line":43,"column":73}},{"start":{"line":43,"column":76},"end":{"line":43,"column":92}}]},"2":{"line":43,"type":"binary-expr","locations":[{"start":{"line":43,"column":46},"end":{"line":43,"column":49}},{"start":{"line":43,"column":53},"end":{"line":43,"column":67}}]}},"code":["\"use strict\";","","Object.defineProperty(exports, \"__esModule\", {","  value: true","});","","var _PageContainer = require(\"./components/PageContainer\");","","Object.defineProperty(exports, \"PageContainer\", {","  enumerable: true,","  get: function get() {","    return _interopRequireDefault(_PageContainer).default;","  }","});","","var _BodyContainer = require(\"./components/BodyContainer\");","","Object.defineProperty(exports, \"BodyContainer\", {","  enumerable: true,","  get: function get() {","    return _interopRequireDefault(_BodyContainer).default;","  }","});","","var _Link = require(\"./components/Link\");","","Object.defineProperty(exports, \"Link\", {","  enumerable: true,","  get: function get() {","    return _interopRequireDefault(_Link).default;","  }","});","","var _urlJoin = require(\"url-join\");","","Object.defineProperty(exports, \"joinUri\", {","  enumerable: true,","  get: function get() {","    return _interopRequireDefault(_urlJoin).default;","  }","});","","function _interopRequireDefault(obj) { return obj && obj.__esModule ? obj : { default: obj }; }","","var phenomicLoader = exports.phenomicLoader = \"phenomic/lib/loader\";"],"l":{"3":1,"7":1,"9":1,"12":2,"16":1,"18":1,"21":2,"25":1,"27":1,"30":2,"34":1,"36":1,"39":2,"43":8,"45":1}},"/home/travis/build/npmtest/node-npmtest-phenomic/node_modules/phenomic/lib/components/PageContainer/index.js":{"path":"/home/travis/build/npmtest/node-npmtest-phenomic/node_modules/phenomic/lib/components/PageContainer/index.js","s":{"1":1,"2":1,"3":1,"4":1,"5":1,"6":1,"7":1,"8":1,"9":1,"10":1,"11":1,"12":0,"13":0,"14":0,"15":0,"16":0,"17":0,"18":0,"19":1,"20":0,"21":0,"22":0,"23":0,"24":0},"b":{"1":[1,0],"2":[1,1],"3":[1,0],"4":[1,1],"5":[0,0],"6":[0,0]},"f":{"1":1,"2":1,"3":0,"4":0,"5":0,"6":0},"fnMap":{"1":{"name":"_interopRequireDefault","line":17,"loc":{"start":{"line":17,"column":0},"end":{"line":17,"column":37}}},"2":{"name":"_interopRequireWildcard","line":19,"loc":{"start":{"line":19,"column":0},"end":{"line":19,"column":38}}},"3":{"name":"(anonymous_3)","line":22,"loc":{"start":{"line":22,"column":43},"end":{"line":22,"column":59}}},"4":{"name":"(anonymous_4)","line":26,"loc":{"start":{"line":26,"column":3},"end":{"line":26,"column":23}}},"5":{"name":"getPage","line":28,"loc":{"start":{"line":28,"column":13},"end":{"line":28,"column":32}}},"6":{"name":"setPageNotFound","line":31,"loc":{"start":{"line":31,"column":21},"end":{"line":31,"column":48}}}},"statementMap":{"1":{"start":{"line":3,"column":0},"end":{"line":5,"column":3}},"2":{"start":{"line":7,"column":0},"end":{"line":7,"column":41}},"3":{"start":{"line":9,"column":0},"end":{"line":9,"column":50}},"4":{"start":{"line":11,"column":0},"end":{"line":11,"column":50}},"5":{"start":{"line":13,"column":0},"end":{"line":13,"column":40}},"6":{"start":{"line":15,"column":0},"end":{"line":15,"column":53}},"7":{"start":{"line":17,"column":0},"end":{"line":17,"column":95}},"8":{"start":{"line":17,"column":39},"end":{"line":17,"column":93}},"9":{"start":{"line":19,"column":0},"end":{"line":19,"column":269}},"10":{"start":{"line":19,"column":40},"end":{"line":19,"column":267}},"11":{"start":{"line":19,"column":69},"end":{"line":19,"column":80}},"12":{"start":{"line":19,"column":90},"end":{"line":19,"column":106}},"13":{"start":{"line":19,"column":107},"end":{"line":19,"column":228}},"14":{"start":{"line":19,"column":126},"end":{"line":19,"column":226}},"15":{"start":{"line":19,"column":149},"end":{"line":19,"column":224}},"16":{"start":{"line":19,"column":201},"end":{"line":19,"column":224}},"17":{"start":{"line":19,"column":229},"end":{"line":19,"column":250}},"18":{"start":{"line":19,"column":251},"end":{"line":19,"column":265}},"19":{"start":{"line":22,"column":0},"end":{"line":35,"column":24}},"20":{"start":{"line":23,"column":2},"end":{"line":23,"column":25}},"21":{"start":{"line":25,"column":2},"end":{"line":25,"column":26}},"22":{"start":{"line":27,"column":2},"end":{"line":34,"column":4}},"23":{"start":{"line":29,"column":6},"end":{"line":29,"column":69}},"24":{"start":{"line":32,"column":6},"end":{"line":32,"column":77}}},"branchMap":{"1":{"line":17,"type":"cond-expr","locations":[{"start":{"line":17,"column":70},"end":{"line":17,"column":73}},{"start":{"line":17,"column":76},"end":{"line":17,"column":92}}]},"2":{"line":17,"type":"binary-expr","locations":[{"start":{"line":17,"column":46},"end":{"line":17,"column":49}},{"start":{"line":17,"column":53},"end":{"line":17,"column":67}}]},"3":{"line":19,"type":"if","locations":[{"start":{"line":19,"column":40},"end":{"line":19,"column":40}},{"start":{"line":19,"column":40},"end":{"line":19,"column":40}}]},"4":{"line":19,"type":"binary-expr","locations":[{"start":{"line":19,"column":44},"end":{"line":19,"column":47}},{"start":{"line":19,"column":51},"end":{"line":19,"column":65}}]},"5":{"line":19,"type":"if","locations":[{"start":{"line":19,"column":107},"end":{"line":19,"column":107}},{"start":{"line":19,"column":107},"end":{"line":19,"column":107}}]},"6":{"line":19,"type":"if","locations":[{"start":{"line":19,"column":149},"end":{"line":19,"column":149}},{"start":{"line":19,"column":149},"end":{"line":19,"column":149}}]}},"code":["\"use strict\";","","Object.defineProperty(exports, \"__esModule\", {","  value: true","});","","var _reactRedux = require(\"react-redux\");","","var _pages = require(\"../../redux/modules/pages\");","","var pageActions = _interopRequireWildcard(_pages);","","var _component = require(\"./component\");","","var _component2 = _interopRequireDefault(_component);","","function _interopRequireDefault(obj) { return obj && obj.__esModule ? obj : { default: obj }; }","","function _interopRequireWildcard(obj) { if (obj && obj.__esModule) { return obj; } else { var newObj = {}; if (obj != null) { for (var key in obj) { if (Object.prototype.hasOwnProperty.call(obj, key)) newObj[key] = obj[key]; } } newObj.default = obj; return newObj; } }","","// eslint-disable-next-line import/no-namespace","exports.default = (0, _reactRedux.connect)(function (_ref) {","  var pages = _ref.pages;","","  return { pages: pages };","}, function (dispatch) {","  return {","    getPage: function getPage() {","      return dispatch(pageActions.get.apply(pageActions, arguments));","    },","    setPageNotFound: function setPageNotFound() {","      return dispatch(pageActions.setNotFound.apply(pageActions, arguments));","    }","  };","})(_component2.default);"],"l":{"3":1,"7":1,"9":1,"11":1,"13":1,"15":1,"17":1,"19":1,"22":1,"23":0,"25":0,"27":0,"29":0,"32":0}},"/home/travis/build/npmtest/node-npmtest-phenomic/node_modules/phenomic/lib/redux/modules/pages.js":{"path":"/home/travis/build/npmtest/node-npmtest-phenomic/node_modules/phenomic/lib/redux/modules/pages.js","s":{"1":1,"2":1,"3":1,"4":0,"5":0,"6":0,"7":0,"8":0,"9":0,"10":1,"11":1,"12":1,"13":1,"14":1,"15":1,"16":1,"17":1,"18":1,"19":2,"20":1,"21":0,"22":0,"23":0,"24":0,"25":1,"26":1,"27":1,"28":1,"29":1,"30":1,"31":1,"32":0,"33":0,"34":0,"35":0,"36":0,"37":0,"38":0,"39":0,"40":0,"41":1,"42":0,"43":1,"44":0,"45":1,"46":0},"b":{"1":[1,0],"2":[0,0],"3":[2,0],"4":[2,2],"5":[0,0],"6":[0,0],"7":[0,0],"8":[0,0,0,0,0],"9":[0,0],"10":[0,0],"11":[0,0],"12":[0,0],"13":[0,0,0,0]},"f":{"1":0,"2":2,"3":0,"4":0,"5":0,"6":0,"7":0},"fnMap":{"1":{"name":"(anonymous_1)","line":8,"loc":{"start":{"line":8,"column":32},"end":{"line":8,"column":50}}},"2":{"name":"_interopRequireDefault","line":23,"loc":{"start":{"line":23,"column":0},"end":{"line":23,"column":37}}},"3":{"name":"_defineProperty","line":25,"loc":{"start":{"line":25,"column":0},"end":{"line":25,"column":42}}},"4":{"name":"reducer","line":35,"loc":{"start":{"line":35,"column":0},"end":{"line":35,"column":19}}},"5":{"name":"get","line":79,"loc":{"start":{"line":79,"column":0},"end":{"line":79,"column":24}}},"6":{"name":"refresh","line":87,"loc":{"start":{"line":87,"column":0},"end":{"line":87,"column":28}}},"7":{"name":"setNotFound","line":95,"loc":{"start":{"line":95,"column":0},"end":{"line":95,"column":27}}}},"statementMap":{"1":{"start":{"line":3,"column":0},"end":{"line":5,"column":3}},"2":{"start":{"line":6,"column":0},"end":{"line":6,"column":105}},"3":{"start":{"line":8,"column":0},"end":{"line":8,"column":257}},"4":{"start":{"line":8,"column":52},"end":{"line":8,"column":239}},"5":{"start":{"line":8,"column":97},"end":{"line":8,"column":123}},"6":{"start":{"line":8,"column":124},"end":{"line":8,"column":237}},"7":{"start":{"line":8,"column":150},"end":{"line":8,"column":235}},"8":{"start":{"line":8,"column":207},"end":{"line":8,"column":233}},"9":{"start":{"line":8,"column":240},"end":{"line":8,"column":254}},"10":{"start":{"line":10,"column":0},"end":{"line":10,"column":26}},"11":{"start":{"line":11,"column":0},"end":{"line":11,"column":18}},"12":{"start":{"line":12,"column":0},"end":{"line":12,"column":26}},"13":{"start":{"line":13,"column":0},"end":{"line":13,"column":34}},"14":{"start":{"line":15,"column":0},"end":{"line":15,"column":52}},"15":{"start":{"line":17,"column":0},"end":{"line":17,"column":65}},"16":{"start":{"line":19,"column":0},"end":{"line":19,"column":53}},"17":{"start":{"line":21,"column":0},"end":{"line":21,"column":53}},"18":{"start":{"line":23,"column":0},"end":{"line":23,"column":95}},"19":{"start":{"line":23,"column":39},"end":{"line":23,"column":93}},"20":{"start":{"line":25,"column":0},"end":{"line":25,"column":209}},"21":{"start":{"line":25,"column":44},"end":{"line":25,"column":195}},"22":{"start":{"line":25,"column":62},"end":{"line":25,"column":166}},"23":{"start":{"line":25,"column":176},"end":{"line":25,"column":193}},"24":{"start":{"line":25,"column":196},"end":{"line":25,"column":207}},"25":{"start":{"line":27,"column":0},"end":{"line":27,"column":48}},"26":{"start":{"line":28,"column":0},"end":{"line":28,"column":45}},"27":{"start":{"line":29,"column":0},"end":{"line":29,"column":45}},"28":{"start":{"line":30,"column":0},"end":{"line":30,"column":60}},"29":{"start":{"line":31,"column":0},"end":{"line":31,"column":54}},"30":{"start":{"line":32,"column":0},"end":{"line":32,"column":51}},"31":{"start":{"line":35,"column":0},"end":{"line":76,"column":1}},"32":{"start":{"line":36,"column":2},"end":{"line":36,"column":85}},"33":{"start":{"line":37,"column":2},"end":{"line":37,"column":28}},"34":{"start":{"line":40,"column":2},"end":{"line":75,"column":3}},"35":{"start":{"line":42,"column":6},"end":{"line":44,"column":10}},"36":{"start":{"line":48,"column":8},"end":{"line":48,"column":40}},"37":{"start":{"line":50,"column":8},"end":{"line":52,"column":13}},"38":{"start":{"line":56,"column":6},"end":{"line":56,"column":78}},"39":{"start":{"line":59,"column":6},"end":{"line":71,"column":10}},"40":{"start":{"line":74,"column":6},"end":{"line":74,"column":19}},"41":{"start":{"line":79,"column":0},"end":{"line":85,"column":1}},"42":{"start":{"line":80,"column":2},"end":{"line":84,"column":4}},"43":{"start":{"line":87,"column":0},"end":{"line":93,"column":1}},"44":{"start":{"line":88,"column":2},"end":{"line":92,"column":4}},"45":{"start":{"line":95,"column":0},"end":{"line":100,"column":1}},"46":{"start":{"line":96,"column":2},"end":{"line":99,"column":4}}},"branchMap":{"1":{"line":8,"type":"binary-expr","locations":[{"start":{"line":8,"column":15},"end":{"line":8,"column":28}},{"start":{"line":8,"column":32},"end":{"line":8,"column":256}}]},"2":{"line":8,"type":"if","locations":[{"start":{"line":8,"column":150},"end":{"line":8,"column":150}},{"start":{"line":8,"column":150},"end":{"line":8,"column":150}}]},"3":{"line":23,"type":"cond-expr","locations":[{"start":{"line":23,"column":70},"end":{"line":23,"column":73}},{"start":{"line":23,"column":76},"end":{"line":23,"column":92}}]},"4":{"line":23,"type":"binary-expr","locations":[{"start":{"line":23,"column":46},"end":{"line":23,"column":49}},{"start":{"line":23,"column":53},"end":{"line":23,"column":67}}]},"5":{"line":25,"type":"if","locations":[{"start":{"line":25,"column":44},"end":{"line":25,"column":44}},{"start":{"line":25,"column":44},"end":{"line":25,"column":44}}]},"6":{"line":36,"type":"cond-expr","locations":[{"start":{"line":36,"column":67},"end":{"line":36,"column":79}},{"start":{"line":36,"column":82},"end":{"line":36,"column":84}}]},"7":{"line":36,"type":"binary-expr","locations":[{"start":{"line":36,"column":14},"end":{"line":36,"column":34}},{"start":{"line":36,"column":38},"end":{"line":36,"column":64}}]},"8":{"line":40,"type":"switch","locations":[{"start":{"line":41,"column":4},"end":{"line":44,"column":10}},{"start":{"line":46,"column":4},"end":{"line":53,"column":7}},{"start":{"line":55,"column":4},"end":{"line":56,"column":78}},{"start":{"line":58,"column":4},"end":{"line":71,"column":10}},{"start":{"line":73,"column":4},"end":{"line":74,"column":19}}]},"9":{"line":51,"type":"cond-expr","locations":[{"start":{"line":51,"column":28},"end":{"line":51,"column":62}},{"start":{"line":51,"column":65},"end":{"line":51,"column":74}}]},"10":{"line":51,"type":"binary-expr","locations":[{"start":{"line":51,"column":28},"end":{"line":51,"column":44}},{"start":{"line":51,"column":48},"end":{"line":51,"column":62}}]},"11":{"line":59,"type":"cond-expr","locations":[{"start":{"line":59,"column":84},"end":{"line":67,"column":7}},{"start":{"line":69,"column":6},"end":{"line":71,"column":7}}]},"12":{"line":59,"type":"cond-expr","locations":[{"start":{"line":59,"column":109},"end":{"line":62,"column":7}},{"start":{"line":62,"column":10},"end":{"line":67,"column":7}}]},"13":{"line":64,"type":"binary-expr","locations":[{"start":{"line":64,"column":19},"end":{"line":64,"column":42}},{"start":{"line":64,"column":46},"end":{"line":64,"column":67}},{"start":{"line":64,"column":71},"end":{"line":64,"column":100}},{"start":{"line":66,"column":8},"end":{"line":66,"column":60}}]}},"code":["\"use strict\";","","Object.defineProperty(exports, \"__esModule\", {","  value: true","});","exports.ERROR = exports.FORGET = exports.SET_TYPE = exports.SET = exports.GET = exports.NOOP = undefined;","","var _extends = Object.assign || function (target) { for (var i = 1; i < arguments.length; i++) { var source = arguments[i]; for (var key in source) { if (Object.prototype.hasOwnProperty.call(source, key)) { target[key] = source[key]; } } } return target; };","","exports.default = reducer;","exports.get = get;","exports.refresh = refresh;","exports.setNotFound = setNotFound;","","var _simpleJsonFetch = require(\"simple-json-fetch\");","","var _simpleJsonFetch2 = _interopRequireDefault(_simpleJsonFetch);","","var _pathToUri = require(\"../../_utils/path-to-uri\");","","var _pathToUri2 = _interopRequireDefault(_pathToUri);","","function _interopRequireDefault(obj) { return obj && obj.__esModule ? obj : { default: obj }; }","","function _defineProperty(obj, key, value) { if (key in obj) { Object.defineProperty(obj, key, { value: value, enumerable: true, configurable: true, writable: true }); } else { obj[key] = value; } return obj; }","","var NOOP = exports.NOOP = \"phenomic/pages/NOOP\";","var GET = exports.GET = \"phenomic/pages/GET\";","var SET = exports.SET = \"phenomic/pages/SET\";","var SET_TYPE = exports.SET_TYPE = \"phenomic/pages/SET_TYPE\";","var FORGET = exports.FORGET = \"phenomic/pages/FORGET\";","var ERROR = exports.ERROR = \"phenomic/pages/ERROR\";","","// redux reducer","function reducer() {","  var state = arguments.length > 0 && arguments[0] !== undefined ? arguments[0] : {};","  var action = arguments[1];","","","  switch (action.type) {","    case GET:","      return _extends({}, state, _defineProperty({}, action.page, {","        isLoading: true","      }));","","    case SET:","      {","        var json = action.response.json;","","        return _extends({}, state, _defineProperty({}, action.page, _extends({}, json, {","          type: json.head ? json.head.layout || json.head.type : undefined","        })));","      }","","    case FORGET:","      return _extends({}, state, _defineProperty({}, action.page, undefined));","","    case ERROR:","      return _extends({}, state, _defineProperty({}, action.page, action.response ? action.response.status ? {","        error: action.response.status,","        errorText: action.response.statusText","      } : {","        error: \"Unexpected Error\",","        errorText: action.response.message || action.response.error && action.response.error.message ||","        // here we are just in a deseperate case","        \"Seriously, this is weird. Please report this page.\"","      } :","      // no response, it's certainly a 404","      {","        error: 404","      }));","","    default:","      return state;","  }","}","","// redux actions","function get(page, url) {","  return {","    types: [GET, SET, ERROR],","    page: page,","    promise: (0, _simpleJsonFetch2.default)((0, _pathToUri2.default)(process.env.PHENOMIC_USER_PATHNAME, url))","  };","}","","function refresh(page, url) {","  return {","    types: [NOOP, SET, ERROR],","    page: page,","    promise: (0, _simpleJsonFetch2.default)((0, _pathToUri2.default)(process.env.PHENOMIC_USER_PATHNAME, url))","  };","}","","function setNotFound(page) {","  return {","    type: ERROR,","    page: page","  };","}"],"l":{"3":1,"6":1,"8":1,"10":1,"11":1,"12":1,"13":1,"15":1,"17":1,"19":1,"21":1,"23":2,"25":1,"27":1,"28":1,"29":1,"30":1,"31":1,"32":1,"35":1,"36":0,"37":0,"40":0,"42":0,"48":0,"50":0,"56":0,"59":0,"74":0,"79":1,"80":0,"87":1,"88":0,"95":1,"96":0}},"/home/travis/build/npmtest/node-npmtest-phenomic/node_modules/phenomic/lib/_utils/path-to-uri/index.js":{"path":"/home/travis/build/npmtest/node-npmtest-phenomic/node_modules/phenomic/lib/_utils/path-to-uri/index.js","s":{"1":1,"2":1,"3":1,"4":0,"5":1},"b":{},"f":{"1":0},"fnMap":{"1":{"name":"pathToUri","line":13,"loc":{"start":{"line":13,"column":16},"end":{"line":13,"column":37}}}},"statementMap":{"1":{"start":{"line":3,"column":0},"end":{"line":5,"column":3}},"2":{"start":{"line":7,"column":0},"end":{"line":7,"column":28}},"3":{"start":{"line":13,"column":0},"end":{"line":15,"column":2}},"4":{"start":{"line":14,"column":2},"end":{"line":14,"column":74}},"5":{"start":{"line":16,"column":0},"end":{"line":16,"column":28}}},"branchMap":{},"code":["\"use strict\";","","Object.defineProperty(exports, \"__esModule\", {","  value: true","});","","var _path = require(\"path\");","","/**"," * Normalize path into uri"," * Join, replace multiple / or \\ to single /"," */","var pathToUri = function pathToUri() {","  return _path.join.apply(undefined, arguments).replace(/(\\/|\\\\)+/g, \"/\");","};","exports.default = pathToUri;"],"l":{"3":1,"7":1,"13":1,"14":0,"16":1}},"/home/travis/build/npmtest/node-npmtest-phenomic/node_modules/phenomic/lib/components/PageContainer/component.js":{"path":"/home/travis/build/npmtest/node-npmtest-phenomic/node_modules/phenomic/lib/components/PageContainer/component.js","s":{"1":1,"2":1,"3":0,"4":0,"5":0,"6":0,"7":0,"8":0,"9":1,"10":0,"11":0,"12":1,"13":1,"14":1,"15":7,"16":7,"17":7,"18":7,"19":7,"20":7,"21":1,"22":1,"23":1,"24":1,"25":0,"26":1,"27":1,"28":1,"29":1,"30":1,"31":1,"32":1,"33":1,"34":1,"35":1,"36":3,"37":1,"38":0,"39":0,"40":1,"41":0,"42":0,"43":0,"44":1,"45":1,"46":0,"47":1,"48":1,"49":1,"50":1,"51":1,"52":0,"53":0,"54":1,"55":0,"56":0,"57":1,"58":0,"59":1,"60":0,"61":0,"62":0,"63":0,"64":0,"65":0,"66":1,"67":0,"68":0,"69":1,"70":1,"71":1,"72":0,"73":0,"74":1,"75":0,"76":0,"77":0,"78":0,"79":0,"80":0,"81":0,"82":0,"83":0,"84":0,"85":0,"86":0,"87":0,"88":0,"89":0,"90":0,"91":0,"92":0,"93":0,"94":0,"95":0,"96":0,"97":0,"98":0,"99":0,"100":0,"101":0,"102":0,"103":0,"104":0,"105":0,"106":0,"107":0,"108":0,"109":0,"110":0,"111":0,"112":0,"113":0,"114":0,"115":0,"116":0,"117":0,"118":0,"119":0,"120":0,"121":0,"122":0,"123":0,"124":0,"125":0,"126":0,"127":0,"128":0,"129":0,"130":0,"131":0,"132":0,"133":0,"134":0,"135":0,"136":0,"137":0,"138":0,"139":0,"140":0,"141":0,"142":0,"143":0,"144":0,"145":1,"146":1,"147":1,"148":1,"149":1},"b":{"1":[1,0],"2":[0,0],"3":[1,0],"4":[1,1],"5":[0,0],"6":[0,0,0,0],"7":[7,7],"8":[7,0],"9":[1,0],"10":[0,1],"11":[2,1],"12":[3,3],"13":[0,0],"14":[0,0],"15":[0,0],"16":[0,0,0],"17":[0,1],"18":[1,0],"19":[1,1],"20":[1,0],"21":[1,0],"22":[0,0],"23":[0,0,0],"24":[0,0],"25":[0,0],"26":[0,0],"27":[0,0],"28":[0,0],"29":[0,0],"30":[0,0],"31":[0,0],"32":[0,0],"33":[0,0],"34":[0,0],"35":[0,0],"36":[0,0],"37":[0,0],"38":[0,0,0],"39":[0,0],"40":[0,0],"41":[0,0],"42":[0,0],"43":[0,0],"44":[0,0],"45":[0,0],"46":[0,0],"47":[0,0],"48":[0,0],"49":[0,0],"50":[0,0],"51":[0,0],"52":[0,0,0],"53":[0,0],"54":[0,0],"55":[0,0],"56":[0,0,0,0],"57":[0,0],"58":[0,0]},"f":{"1":0,"2":0,"3":0,"4":1,"5":1,"6":1,"7":3,"8":0,"9":0,"10":1,"11":0,"12":0,"13":0,"14":0,"15":0,"16":0,"17":1,"18":0,"19":0,"20":0,"21":0,"22":0,"23":0,"24":0,"25":0,"26":0,"27":0},"fnMap":{"1":{"name":"(anonymous_1)","line":7,"loc":{"start":{"line":7,"column":32},"end":{"line":7,"column":50}}},"2":{"name":"(anonymous_2)","line":9,"loc":{"start":{"line":9,"column":84},"end":{"line":9,"column":99}}},"3":{"name":"(anonymous_3)","line":9,"loc":{"start":{"line":9,"column":124},"end":{"line":9,"column":139}}},"4":{"name":"(anonymous_4)","line":11,"loc":{"start":{"line":11,"column":19},"end":{"line":11,"column":31}}},"5":{"name":"defineProperties","line":11,"loc":{"start":{"line":11,"column":33},"end":{"line":11,"column":74}}},"6":{"name":"(anonymous_6)","line":11,"loc":{"start":{"line":11,"column":357},"end":{"line":11,"column":405}}},"7":{"name":"_interopRequireDefault","line":29,"loc":{"start":{"line":29,"column":0},"end":{"line":29,"column":37}}},"8":{"name":"_classCallCheck","line":31,"loc":{"start":{"line":31,"column":0},"end":{"line":31,"column":48}}},"9":{"name":"_possibleConstructorReturn","line":33,"loc":{"start":{"line":33,"column":0},"end":{"line":33,"column":48}}},"10":{"name":"_inherits","line":35,"loc":{"start":{"line":35,"column":0},"end":{"line":35,"column":41}}},"11":{"name":"splatToUrl","line":44,"loc":{"start":{"line":44,"column":17},"end":{"line":44,"column":45}}},"12":{"name":"find","line":49,"loc":{"start":{"line":49,"column":0},"end":{"line":49,"column":35}}},"13":{"name":"(anonymous_13)","line":50,"loc":{"start":{"line":50,"column":25},"end":{"line":50,"column":41}}},"14":{"name":"getBase","line":55,"loc":{"start":{"line":55,"column":0},"end":{"line":55,"column":27}}},"15":{"name":"adjustCurrentUrl","line":59,"loc":{"start":{"line":59,"column":0},"end":{"line":59,"column":49}}},"16":{"name":"getLayout","line":72,"loc":{"start":{"line":72,"column":0},"end":{"line":72,"column":34}}},"17":{"name":"(anonymous_17)","line":78,"loc":{"start":{"line":78,"column":20},"end":{"line":78,"column":42}}},"18":{"name":"PageContainer","line":81,"loc":{"start":{"line":81,"column":2},"end":{"line":81,"column":27}}},"19":{"name":"componentWillMount","line":89,"loc":{"start":{"line":89,"column":11},"end":{"line":89,"column":41}}},"20":{"name":"componentDidMount","line":99,"loc":{"start":{"line":99,"column":11},"end":{"line":99,"column":40}}},"21":{"name":"componentWillReceiveProps","line":104,"loc":{"start":{"line":104,"column":11},"end":{"line":104,"column":57}}},"22":{"name":"componentDidUpdate","line":109,"loc":{"start":{"line":109,"column":11},"end":{"line":109,"column":41}}},"23":{"name":"catchInternalLink","line":114,"loc":{"start":{"line":114,"column":11},"end":{"line":114,"column":40}}},"24":{"name":"(anonymous_24)","line":135,"loc":{"start":{"line":135,"column":78},"end":{"line":135,"column":94}}},"25":{"name":"preparePage","line":160,"loc":{"start":{"line":160,"column":11},"end":{"line":160,"column":48}}},"26":{"name":"render","line":192,"loc":{"start":{"line":192,"column":11},"end":{"line":192,"column":29}}},"27":{"name":"(anonymous_27)","line":200,"loc":{"start":{"line":200,"column":44},"end":{"line":200,"column":64}}}},"statementMap":{"1":{"start":{"line":3,"column":0},"end":{"line":5,"column":3}},"2":{"start":{"line":7,"column":0},"end":{"line":7,"column":257}},"3":{"start":{"line":7,"column":52},"end":{"line":7,"column":239}},"4":{"start":{"line":7,"column":97},"end":{"line":7,"column":123}},"5":{"start":{"line":7,"column":124},"end":{"line":7,"column":237}},"6":{"start":{"line":7,"column":150},"end":{"line":7,"column":235}},"7":{"start":{"line":7,"column":207},"end":{"line":7,"column":233}},"8":{"start":{"line":7,"column":240},"end":{"line":7,"column":254}},"9":{"start":{"line":9,"column":0},"end":{"line":9,"column":269}},"10":{"start":{"line":9,"column":101},"end":{"line":9,"column":119}},"11":{"start":{"line":9,"column":141},"end":{"line":9,"column":266}},"12":{"start":{"line":11,"column":0},"end":{"line":11,"column":564}},"13":{"start":{"line":11,"column":33},"end":{"line":11,"column":349}},"14":{"start":{"line":11,"column":76},"end":{"line":11,"column":347}},"15":{"start":{"line":11,"column":117},"end":{"line":11,"column":143}},"16":{"start":{"line":11,"column":144},"end":{"line":11,"column":199}},"17":{"start":{"line":11,"column":200},"end":{"line":11,"column":231}},"18":{"start":{"line":11,"column":232},"end":{"line":11,"column":286}},"19":{"start":{"line":11,"column":259},"end":{"line":11,"column":286}},"20":{"start":{"line":11,"column":287},"end":{"line":11,"column":345}},"21":{"start":{"line":11,"column":350},"end":{"line":11,"column":559}},"22":{"start":{"line":11,"column":407},"end":{"line":11,"column":475}},"23":{"start":{"line":11,"column":423},"end":{"line":11,"column":475}},"24":{"start":{"line":11,"column":476},"end":{"line":11,"column":536}},"25":{"start":{"line":11,"column":493},"end":{"line":11,"column":536}},"26":{"start":{"line":11,"column":537},"end":{"line":11,"column":556}},"27":{"start":{"line":13,"column":0},"end":{"line":13,"column":30}},"28":{"start":{"line":15,"column":0},"end":{"line":15,"column":45}},"29":{"start":{"line":17,"column":0},"end":{"line":17,"column":37}},"30":{"start":{"line":19,"column":0},"end":{"line":19,"column":45}},"31":{"start":{"line":21,"column":0},"end":{"line":21,"column":47}},"32":{"start":{"line":23,"column":0},"end":{"line":23,"column":54}},"33":{"start":{"line":25,"column":0},"end":{"line":25,"column":55}},"34":{"start":{"line":27,"column":0},"end":{"line":27,"column":38}},"35":{"start":{"line":29,"column":0},"end":{"line":29,"column":95}},"36":{"start":{"line":29,"column":39},"end":{"line":29,"column":93}},"37":{"start":{"line":31,"column":0},"end":{"line":31,"column":153}},"38":{"start":{"line":31,"column":50},"end":{"line":31,"column":151}},"39":{"start":{"line":31,"column":92},"end":{"line":31,"column":149}},"40":{"start":{"line":33,"column":0},"end":{"line":33,"column":240}},"41":{"start":{"line":33,"column":50},"end":{"line":33,"column":151}},"42":{"start":{"line":33,"column":63},"end":{"line":33,"column":149}},"43":{"start":{"line":33,"column":152},"end":{"line":33,"column":238}},"44":{"start":{"line":35,"column":0},"end":{"line":35,"column":494}},"45":{"start":{"line":35,"column":43},"end":{"line":35,"column":208}},"46":{"start":{"line":35,"column":106},"end":{"line":35,"column":206}},"47":{"start":{"line":35,"column":209},"end":{"line":35,"column":373}},"48":{"start":{"line":35,"column":374},"end":{"line":35,"column":492}},"49":{"start":{"line":35,"column":390},"end":{"line":35,"column":492}},"50":{"start":{"line":40,"column":0},"end":{"line":40,"column":43}},"51":{"start":{"line":44,"column":0},"end":{"line":47,"column":2}},"52":{"start":{"line":45,"column":2},"end":{"line":45,"column":48}},"53":{"start":{"line":46,"column":2},"end":{"line":46,"column":34}},"54":{"start":{"line":49,"column":0},"end":{"line":53,"column":1}},"55":{"start":{"line":50,"column":2},"end":{"line":52,"column":5}},"56":{"start":{"line":51,"column":4},"end":{"line":51,"colum
[...]
i++) { var source = arguments[i]; for (var key in source) { if (Object.prototype.hasOwnProperty.call(source, key)) { target[key] = source[key]; } } } return target; };","","var _path = require(\"path\");","","var _webpack = require(\"webpack\");","","var _findCacheDir = require(\"find-cache-dir\");","","var _findCacheDir2 = _interopRequireDefault(_findCacheDir);","","var _configCommon = require(\"./config.common.js\");","","var _configCommon2 = _interopRequireDefault(_configCommon);","","function _interopRequireDefault(obj) { return obj && obj.__esModule ? obj : { default: obj }; }","","function _toConsumableArray(arr) { if (Array.isArray(arr)) { for (var i = 0, arr2 = Array(arr.length); i < arr.length; i++) { arr2[i] = arr[i]; } return arr2; } else { return Array.from(arr); } }","","function _defineProperty(obj, key, value) { if (key in obj) { Object.defineProperty(obj, key, { value: value, enumerable: true, configurable: true, writable: true }); } else { obj[key] = value; } return obj; }","","var UglifyJsPlugin = _webpack.optimize.UglifyJsPlugin;","","var chunkNameNode = \"phenomic.node\";","var cacheDir = exports.cacheDir = (0, _findCacheDir2.default)({ name: \"phenomic/webpack-node-build\" });","","var defaultExternals = [","// we could consider node_modules as externals deps","// and so use something like","// /^[A-Za-z0-9-_]/","// to not bundle all deps in the static build (for perf)","// the problem is that if people rely on node_modules for stuff","// like css, this breaks their build.","","// Glamor integration","\"glamor\", \"glamor/server\",","","// Aprodite integration","\"aphrodite\"];","","var sourceMapSupport = require.resolve(\"source-map-support/register\")","// windows support",".replace(/\\\\/g, \"/\");","","var requireSourceMapSupport = \"require('\" + sourceMapSupport + \"');\";","","exports.default = function (config) {","  var webpackConfig = (0, _configCommon2.default)(config);","","  return _extends({}, webpackConfig, {","","    entry: _defineProperty({}, chunkNameNode, (0, _path.join)(config.cwd, config.scriptNode)),","","    output: _extends({}, webpackConfig.output, {","      path: cacheDir,","      libraryTarget: \"commonjs2\",","      filename: (0, _path.basename)(config.scriptNode, \".js\") + \".bundle.js\"","    }),","","    target: \"node\",","","    // externals for package/relative name","    externals: [].concat(_toConsumableArray(webpackConfig.externals || defaultExternals), [","","    // keep the loader plugin cache in memory","    \"phenomic/lib/loader/index\", \"phenomic/lib/loader/plugin\"]),","","    // sourcemaps","    devtool: \"#source-map\",","    plugins: [].concat(_toConsumableArray(webpackConfig.plugins.filter(function (plugin) {","      return !(plugin instanceof UglifyJsPlugin);","    }) || []), [new _webpack.BannerPlugin({","      banner: requireSourceMapSupport,","      raw: true,","      entryOnly: false","    })])","  });","};"],"l":{"3":1,"6":1,"8":1,"10":1,"12":1,"14":1,"16":1,"18":1,"20":1,"22":2,"24":1,"26":1,"28":1,"30":1,"31":1,"33":1,"47":1,"51":1,"53":1,"54":0,"56":0,"77":0}},"/home/travis/build/npmtest/node-npmtest-phenomic/node_modules/phenomic/lib/builder/webpack/sortAssets.js":{"path":"/home/travis/build/npmtest/node-npmtest-phenomic/node_modules/phenomic/lib/builder/webpack/sortAssets.js","s":{"1":1,"2":1,"3":0,"4":0,"5":0,"6":0,"7":0,"8":0,"9":0,"10":0,"11":0,"12":0},"b":{"1":[0,0],"2":[0,0],"3":[0,0]},"f":{"1":0,"2":0,"3":0,"4":0},"fnMap":{"1":{"name":"(anonymous_1)","line":7,"loc":{"start":{"line":7,"column":18},"end":{"line":7,"column":36}}},"2":{"name":"(anonymous_2)","line":10,"loc":{"start":{"line":10,"column":29},"end":{"line":10,"column":52}}},"3":{"name":"(anonymous_3)","line":13,"loc":{"start":{"line":13,"column":14},"end":{"line":13,"column":30}}},"4":{"name":"(anonymous_4)","line":15,"loc":{"start":{"line":15,"column":13},"end":{"line":15,"column":29}}}},"statementMap":{"1":{"start":{"line":3,"column":0},"end":{"line":5,"column":3}},"2":{"start":{"line":7,"column":0},"end":{"line":24,"column":2}},"3":{"start":{"line":8,"column":2},"end":{"line":8,"column":40}},"4":{"start":{"line":10,"column":2},"end":{"line":21,"column":5}},"5":{"start":{"line":11,"column":4},"end":{"line":11,"column":34}},"6":{"start":{"line":12,"column":4},"end":{"line":12,"column":38}},"7":{"start":{"line":14,"column":4},"end":{"line":14,"column":54}},"8":{"start":{"line":16,"column":4},"end":{"line":20,"column":5}},"9":{"start":{"line":17,"column":6},"end":{"line":17,"column":32}},"10":{"start":{"line":18,"column":11},"end":{"line":20,"column":5}},"11":{"start":{"line":19,"column":6},"end":{"line":19,"column":33}},"12":{"start":{"line":23,"column":2},"end":{"line":23,"column":21}}},"branchMap":{"1":{"line":14,"type":"cond-expr","locations":[{"start":{"line":14,"column":47},"end":{"line":14,"column":48}},{"start":{"line":14,"column":51},"end":{"line":14,"column":53}}]},"2":{"line":16,"type":"if","locations":[{"start":{"line":16,"column":4},"end":{"line":16,"column":4}},{"start":{"line":16,"column":4},"end":{"line":16,"column":4}}]},"3":{"line":18,"type":"if","locations":[{"start":{"line":18,"column":11},"end":{"line":18,"column":11}},{"start":{"line":18,"column":11},"end":{"line":18,"column":11}}]}},"code":["\"use strict\";","","Object.defineProperty(exports, \"__esModule\", {","  value: true","});","","exports.default = function (assets) {","  var assetsFiles = { css: [], js: [] };","","  Object.keys(assets).reduce(function (result, key) {","    var chunkAssets = assets[key];","    return result.concat(chunkAssets);","  }, []).sort(function (a, b) {","    return a.toLowerCase() > b.toLowerCase() ? 1 : -1;","  }).forEach(function (name) {","    if (name.endsWith(\".js\")) {","      assetsFiles.js.push(name);","    } else if (name.endsWith(\".css\")) {","      assetsFiles.css.push(name);","    }","  });","","  return assetsFiles;","};"],"l":{"3":1,"7":1,"8":0,"10":0,"11":0,"12":0,"14":0,"16":0,"17":0,"18":0,"19":0,"23":0}},"/home/travis/build/npmtest/node-npmtest-phenomic/node_modules/phenomic/lib/redux/middlewares/promise.js":{"path":"/home/travis/build/npmtest/node-npmtest-phenomic/node_modules/phenomic/lib/redux/middlewares/promise.js","s":{"1":1,"2":1,"3":0,"4":0,"5":0,"6":0,"7":0,"8":0,"9":1,"10":1,"11":0,"12":0,"13":0,"14":0,"15":0,"16":0,"17":0,"18":0,"19":0,"20":0,"21":0,"22":0,"23":0,"24":0,"25":0,"26":0,"27":0,"28":1,"29":0,"30":0,"31":0,"32":0,"33":0,"34":1,"35":1,"36":0,"37":0,"38":0,"39":0,"40":0,"41":0,"42":0,"43":0,"44":1,"45":0,"46":0,"47":0,"48":0,"49":0,"50":0,"51":0,"52":0,"53":0,"54":0,"55":0,"56":0},"b":{"1":[1,0],"2":[0,0],"3":[0,0],"4":[0,0],"5":[0,0],"6":[0,0],"7":[0,0],"8":[0,0],"9":[0,0],"10":[0,0],"11":[0,0],"12":[0,0],"13":[0,0]},"f":{"1":0,"2":1,"3":0,"4":0,"5":0,"6":0,"7":0,"8":0,"9":0,"10":0},"fnMap":{"1":{"name":"(anonymous_1)","line":7,"loc":{"start":{"line":7,"column":32},"end":{"line":7,"column":50}}},"2":{"name":"(anonymous_2)","line":9,"loc":{"start":{"line":9,"column":21},"end":{"line":9,"column":33}}},"3":{"name":"sliceIterator","line":9,"loc":{"start":{"line":9,"column":35},"end":{"line":9,"column":66}}},"4":{"name":"(anonymous_4)","line":9,"loc":{"start":{"line":9,"column":436},"end":{"line":9,"column":454}}},"5":{"name":"_objectWithoutProperties","line":13,"loc":{"start":{"line":13,"column":0},"end":{"line":13,"column":45}}},"6":{"name":"promiseMiddleware","line":15,"loc":{"start":{"line":15,"column":0},"end":{"line":15,"column":29}}},"7":{"name":"(anonymous_7)","line":16,"loc":{"start":{"line":16,"column":9},"end":{"line":16,"column":25}}},"8":{"name":"(anonymous_8)","line":17,"loc":{"start":{"line":17,"column":11},"end":{"line":17,"column":29}}},"9":{"name":"(anonymous_9)","line":34,"loc":{"start":{"line":34,"column":26},"end":{"line":34,"column":46}}},"10":{"name":"(anonymous_10)","line":36,"loc":{"start":{"line":36,"column":9},"end":{"line":36,"column":29}}}},"statementMap":{"1":{"start":{"line":3,"column":0},"end":{"line":5,"column":3}},"2":{"start":{"line":7,"column":0},"end":{"line":7,"column":257}},"3":{"start":{"line":7,"column":52},"end":{"line":7,"column":239}},"4":{"start":{"line":7,"column":97},"end":{"line":7,"column":123}},"5":{"start":{"line":7,"column":124},"end":{"line":7,"column":237}},"6":{"start":{"line":7,"column":150},"end":{"line":7,"column":235}},"7":{"start":{"line":7,"column":207},"end":{"line":7,"column":233}},"8":{"start":{"line":7,"column":240},"end":{"line":7,"column":254}},"9":{"start":{"line":9,"column":0},"end":{"line":9,"column":664}},"10":{"start":{"line":9,"column":35},"end":{"line":9,"column":428}},"11":{"start":{"line":9,"column":68},"end":{"line":9,"column":82}},"12":{"start":{"line":9,"column":83},"end":{"line":9,"column":97}},"13":{"start":{"line":9,"column":98},"end":{"line":9,"column":113}},"14":{"start":{"line":9,"column":114},"end":{"line":9,"column":133}},"15":{"start":{"line":9,"column":134},"end":{"line":9,"column":413}},"16":{"start":{"line":9,"column":140},"end":{"line":9,"column":283}},"17":{"start":{"line":9,"column":226},"end":{"line":9,"column":246}},"18":{"start":{"line":9,"column":247},"end":{"line":9,"column":281}},"19":{"start":{"line":9,"column":275},"end":{"line":9,"column":281}},"20":{"start":{"line":9,"column":300},"end":{"line":9,"column":310}},"21":{"start":{"line":9,"column":311},"end":{"line":9,"column":320}},"22":{"start":{"line":9,"column":333},"end":{"line":9,"column":411}},"23":{"start":{"line":9,"column":339},"end":{"line":9,"column":379}},"24":{"start":{"line":9,"column":364},"end":{"line":9,"column":379}},"25":{"start":{"line":9,"column":392},"end":{"line":9,"column":409}},"26":{"start":{"line":9,"column":400},"end":{"line":9,"column":409}},"27":{"start":{"line":9,"column":414},"end":{"line":9,"column":426}},"28":{"start":{"line":9,"column":429},"end":{"line":9,"column":659}},"29":{"start":{"line":9,"column":456},"end":{"line":9,"column":656}},"30":{"start":{"line":9,"column":482},"end":{"line":9,"column":493}},"31":{"start":{"line":9,"column":501},"end":{"line":9,"column":656}},"32":{"start":{"line":9,"column":539},"end":{"line":9,"column":568}},"33":{"start":{"line":9,"column":578},"end":{"line":9,"column":654}},"34":{"start":{"line":11,"column":0},"end":{"line":11,"column":36}},"35":{"start":{"line":13,"column":0},"end":{"line":13,"column":220}},"36":{"start":{"line":13,"column":47},"end":{"line":13,"column":63}},"37":{"start":{"line":13,"column":64},"end":{"line":13,"column":203}},"38":{"start":{"line":13,"column":85},"end":{"line":13,"column":120}},"39":{"start":{"line":13,"column":111},"end":{"line":13,"column":120}},"40":{"start":{"line":13,"column":121},"end":{"line":13,"column":181}},"41":{"start":{"line":13,"column":172},"end":{"line":13,"column":181}},"42":{"start":{"line":13,"column":182},"end":{"line":13,"column":201}},"43":{"start":{"line":13,"column":204},"end":{"line":13,"column":218}},"44":{"start":{"line":15,"column":0},"end":{"line":41,"column":1}},"45":{"start":{"line":16,"column":2},"end":{"line":40,"column":4}},"46":{"start":{"line":17,"column":4},"end":{"line":39,"column":6}},"47":{"start":{"line":18,"column":6},"end":{"line":20,"column":72}},"48":{"start":{"line":22,"column":6},"end":{"line":26,"column":7}},"49":{"start":{"line":23,"column":8},"end":{"line":23,"column":28}},"50":{"start":{"line":24,"column":13},"end":{"line":26,"column":7}},"51":{"start":{"line":25,"column":8},"end":{"line":25,"column":93}},"52":{"start":{"line":28,"column":6},"end":{"line":31,"column":30}},"53":{"start":{"line":33,"column":6},"end":{"line":33,"column":50}},"54":{"start":{"line":34,"column":6},"end":{"line":38,"column":9}},"55":{"start":{"line":35,"column":8},"end":{"line":35,"column":79}},"56":{"start":{"line":37,"column":8},"end":{"line":37,"column":79}}},"branchMap":{"1":{"line":7,"type":"binary-expr","locations":[{"start":{"line":7,"column":15},"end":{"line":7,"column":28}},{"start":{"line":7,"column":32},"end":{"line":7,"column":256}}]},"2":{"line":7,"type":"if","locations":[{"start":{"line":7,"column":150},"end":{"line":7,"column":150}},{"start":{"line":7,"column":150},"end":{"line":7,"column":150}}]},"3":{"line":9,"type":"if","locations":[{"start":{"line":9,"column":247},"end":{"line":9,"column":247}},{"start":{"line":9,"column":247},"end":{"line":9,"column":247}}]},"4":{"line":9,"type":"binary-expr","locations":[{"start":{"line":9,"column":251},"end":{"line":9,"column":252}},{"start":{"line":9,"column":256},"end":{"line":9,"column":273}}]},"5":{"line":9,"type":"if","locations":[{"start":{"line":9,"column":339},"end":{"line":9,"column":339}},{"start":{"line":9,"column":339},"end":{"line":9,"column":339}}]},"6":{"line":9,"type":"binary-expr","locations":[{"start":{"line":9,"column":343},"end":{"line":9,"column":346}},{"start":{"line":9,"column":350},"end":{"line":9,"column":362}}]},"7":{"line":9,"type":"if","locations":[{"start":{"line":9,"column":392},"end":{"line":9,"column":392}},{"start":{"line":9,"column":392},"end":{"line":9,"column":392}}]},"8":{"line":9,"type":"if","locations":[{"start":{"line":9,"column":456},"end":{"line":9,"column":456}},{"start":{"line":9,"column":456},"end":{"line":9,"column":456}}]},"9":{"line":9,"type":"if","locations":[{"start":{"line":9,"column":501},"end":{"line":9,"column":501}},{"start":{"line":9,"column":501},"end":{"line":9,"column":501}}]},"10":{"line":13,"type":"if","locations":[{"start":{"line":13,"column":85},"end":{"line":13,"column":85}},{"start":{"line":13,"column":85},"end":{"line":13,"column":85}}]},"11":{"line":13,"type":"if","locations":[{"start":{"line":13,"column":121},"end":{"line":13,"column":121}},{"start":{"line":13,"column":121},"end":{"line":13,"column":121}}]},"12":{"line":22,"type":"if","locations":[{"start":{"line":22,"column":6},"end":{"line":22,"column":6}},{"start":{"line":22,"column":6},"end":{"line":22,"column":6}}]},"13":{"line":24,"type":"if","locations":[{"start":{"line":24,"column":13},"end":{"line":24,"column":13}},{"start":{"line":24,"column":13},"end":{"line":24,"column":13}}]}},"code":["\"use strict\";","","Object.defineProperty(exports, \"__esModule\", {","  value: true","});","","var _extends = Object.assign || function (target) { for (var i = 1; i < arguments.length; i++) { var source = arguments[i]; for (var key in source) { if (Object.prototype.hasOwnProperty.call(source, key)) { target[key] = source[key]; } } } return target; };","","var _slicedToArray = function () { function sliceIterator(arr, i) { var _arr = []; var _n = true; var _d = false; var _e = undefined; try { for (var _i = arr[Symbol.iterator](), _s; !(_n = (_s = _i.next()).done); _n = true) { _arr.push(_s.value); if (i && _arr.length === i) break; } } catch (err) { _d = true; _e = err; } finally { try { if (!_n && _i[\"return\"]) _i[\"return\"](); } finally { if (_d) throw _e; } } return _arr; } return function (arr, i) { if (Array.isArray(arr)) { return arr; } else if (Symbol.iterator in Object(arr)) { return sliceIterator(arr, i); } else { throw new TypeError(\"Invalid attempt to destructure non-iterable instance\"); } }; }();","","exports.default = promiseMiddleware;","","function _objectWithoutProperties(obj, keys) { var target = {}; for (var i in obj) { if (keys.indexOf(i) >= 0) continue; if (!Object.prototype.hasOwnProperty.call(obj, i)) continue; target[i] = obj[i]; } return target; }","","function promiseMiddleware() {","  return function (next) {","    return function (action) {","      var promise = action.promise,","          types = action.types,","          rest = _objectWithoutProperties(action, [\"promise\", \"types\"]);","","      if (!promise) {","        return next(action);","      } else if (!promise.then) {","        throw new Error(\"promiseMiddleware expects a promise object that implements then()\");","      }","","      var _types = _slicedToArray(types, 3),","          REQUEST = _types[0],","          SUCCESS = _types[1],","          FAILURE = _types[2];","","      next(_extends({}, rest, { type: REQUEST }));","      return promise.then(function (response) {","        return next(_extends({}, rest, { response: response, type: SUCCESS }));","      }, function (response) {","        return next(_extends({}, rest, { response: response, type: FAILURE }));","      });","    };","  };","}"],"l":{"3":1,"7":1,"9":1,"11":1,"13":1,"15":1,"16":0,"17":0,"18":0,"22":0,"23":0,"24":0,"25":0,"28":0,"33":0,"34":0,"35":0,"37":0}},"/home/travis/build/npmtest/node-npmtest-phenomic/node_modules/phenomic/lib/_utils/offline/runtime.js":{"path":"/home/travis/build/npmtest/node-npmtest-phenomic/node_modules/phenomic/lib/_utils/offline/runtime.js","s":{"1":2,"2":0,"3":1,"4":0,"5":0,"6":0,"7":0,"8":0,"9":0,"10":0,"11":0,"12":0,"13":0},"b":{"1":[0,0],"2":[0,0]},"f":{"1":0,"2":0,"3":0,"4":0,"5":0,"6":0},"fnMap":{"1":{"name":"_interopRequireDefault","line":7,"loc":{"start":{"line":7,"column":0},"end":{"line":7,"column":37}}},"2":{"name":"onInstalled","line":18,"loc":{"start":{"line":18,"column":15},"end":{"line":18,"column":38}}},"3":{"name":"onUpdating","line":21,"loc":{"start":{"line":21,"column":14},"end":{"line":21,"column":36}}},"4":{"name":"onUpdateReady","line":24,"loc":{"start":{"line":24,"column":17},"end":{"line":24,"column":42}}},"5":{"name":"onUpdated","line":28,"loc":{"start":{"line":28,"column":13},"end":{"line":28,"column":34}}},"6":{"name":"onUninstalled","line":32,"loc":{"start":{"line":32,"column":17},"end":{"line":32,"column":42}}}},"statementMap":{"1":{"start":{"line":3,"column":0},"end":{"line":3,"column":49}},"2":{"start":{"line":5,"column":0},"end":{"line":5,"column":49}},"3":{"start":{"line":7,"column":0},"end":{"line":7,"column":95}},"4":{"start":{"line":7,"column":39},"end":{"line":7,"column":93}},"5":{"start":{"line":9,"column":0},"end":{"line":9,"column":39}},"6":{"start":{"line":14,"column":0},"end":{"line":35,"column":3}},"7":{"start":{"line":19,"column":4},"end":{"line":19,"column":44}},"8":{"start":{"line":22,"column":4},"end":{"line":22,"column":43}},"9":{"start":{"line":25,"column":4},"end":{"line":25,"column":46}},"10":{"start":{"line":26,"column":4},"end":{"line":26,"column":36}},"11":{"start":{"line":29,"column":4},"end":{"line":29,"column":42}},"12":{"start":{"line":30,"column":4},"end":{"line":30,"column":29}},"13":{"start":{"line":33,"column":4},"end":{"line":33,"column":46}}},"branchMap":{"1":{"line":7,"type":"cond-expr","locations":[{"start":{"line":7,"column":70},"end":{"line":7,"column":73}},{"start":{"line":7,"column":76},"end":{"line":7,"column":92}}]},"2":{"line":7,"type":"binary-expr","locations":[{"start":{"line":7,"column":46},"end":{"line":7,"column":49}},{"start":{"line":7,"column":53},"end":{"line":7,"column":67}}]}},"code":["\"use strict\";","","var _runtime = require(\"offline-plugin/runtime\");","","var _runtime2 = _interopRequireDefault(_runtime);","","function _interopRequireDefault(obj) { return obj && obj.__esModule ? obj : { default: obj }; }","","console.log(\"SW Event:\", \"Installing\");","","// Install ServiceWorker and AppCache in the end since it's not most important","// operation and if main code fails, we do not want it installed","","_runtime2.default.install({","  // you can specify here some code to respond to events","  // see here for more informations","  // https://www.npmjs.com/package/offline-plugin#runtime","  onInstalled: function onInstalled() {","    console.log(\"SW Event:\", \"onInstalled\");","  },","  onUpdating: function onUpdating() {","    console.log(\"SW Event:\", \"onUpdating\");","  },","  onUpdateReady: function onUpdateReady() {","    console.log(\"SW Event:\", \"onUpdateReady\");","    _runtime2.default.applyUpdate();","  },","  onUpdated: function onUpdated() {","    console.log(\"SW Event:\", \"onUpdated\");","    window.location.reload();","  },","  onUninstalled: function onUninstalled() {","    console.log(\"SW Event:\", \"onUninstalled\");","  }","});","// See webpack configuration file for more offline options"],"l":{"3":2,"5":0,"7":1,"9":0,"14":0,"19":0,"22":0,"25":0,"26":0,"29":0,"30":0,"33":0}}}